{"C:\\Users\\masu\\Documents\\proyecto awtc\\AWTC\\backend\\controllers\\category.controller.js": {"path":"C:\\Users\\masu\\Documents\\proyecto awtc\\AWTC\\backend\\controllers\\category.controller.js","statementMap":{"0":{"start":{"line":1,"column":21},"end":{"line":1,"column":41}},"1":{"start":{"line":4,"column":0},"end":{"line":11,"column":2}},"2":{"start":{"line":5,"column":2},"end":{"line":10,"column":3}},"3":{"start":{"line":6,"column":21},"end":{"line":6,"column":52}},"4":{"start":{"line":7,"column":4},"end":{"line":7,"column":35}},"5":{"start":{"line":9,"column":4},"end":{"line":9,"column":72}},"6":{"start":{"line":14,"column":0},"end":{"line":21,"column":2}},"7":{"start":{"line":15,"column":2},"end":{"line":20,"column":3}},"8":{"start":{"line":16,"column":23},"end":{"line":16,"column":47}},"9":{"start":{"line":17,"column":4},"end":{"line":17,"column":37}},"10":{"start":{"line":19,"column":4},"end":{"line":19,"column":76}},"11":{"start":{"line":24,"column":0},"end":{"line":34,"column":2}},"12":{"start":{"line":25,"column":2},"end":{"line":33,"column":3}},"13":{"start":{"line":26,"column":21},"end":{"line":26,"column":59}},"14":{"start":{"line":27,"column":4},"end":{"line":27,"column":82}},"15":{"start":{"line":27,"column":19},"end":{"line":27,"column":82}},"16":{"start":{"line":29,"column":4},"end":{"line":29,"column":36}},"17":{"start":{"line":30,"column":4},"end":{"line":30,"column":35}},"18":{"start":{"line":32,"column":4},"end":{"line":32,"column":72}},"19":{"start":{"line":37,"column":0},"end":{"line":47,"column":2}},"20":{"start":{"line":38,"column":2},"end":{"line":46,"column":3}},"21":{"start":{"line":39,"column":21},"end":{"line":39,"column":59}},"22":{"start":{"line":40,"column":4},"end":{"line":40,"column":82}},"23":{"start":{"line":40,"column":19},"end":{"line":40,"column":82}},"24":{"start":{"line":42,"column":4},"end":{"line":42,"column":29}},"25":{"start":{"line":43,"column":4},"end":{"line":43,"column":71}},"26":{"start":{"line":45,"column":4},"end":{"line":45,"column":72}}},"fnMap":{"0":{"name":"(anonymous_0)","decl":{"start":{"line":4,"column":25},"end":{"line":4,"column":26}},"loc":{"start":{"line":4,"column":45},"end":{"line":11,"column":1}},"line":4},"1":{"name":"(anonymous_1)","decl":{"start":{"line":14,"column":27},"end":{"line":14,"column":28}},"loc":{"start":{"line":14,"column":47},"end":{"line":21,"column":1}},"line":14},"2":{"name":"(anonymous_2)","decl":{"start":{"line":24,"column":25},"end":{"line":24,"column":26}},"loc":{"start":{"line":24,"column":45},"end":{"line":34,"column":1}},"line":24},"3":{"name":"(anonymous_3)","decl":{"start":{"line":37,"column":25},"end":{"line":37,"column":26}},"loc":{"start":{"line":37,"column":45},"end":{"line":47,"column":1}},"line":37}},"branchMap":{"0":{"loc":{"start":{"line":27,"column":4},"end":{"line":27,"column":82}},"type":"if","locations":[{"start":{"line":27,"column":4},"end":{"line":27,"column":82}},{"start":{},"end":{}}],"line":27},"1":{"loc":{"start":{"line":40,"column":4},"end":{"line":40,"column":82}},"type":"if","locations":[{"start":{"line":40,"column":4},"end":{"line":40,"column":82}},{"start":{},"end":{}}],"line":40}},"s":{"0":1,"1":1,"2":1,"3":1,"4":1,"5":0,"6":1,"7":1,"8":1,"9":1,"10":0,"11":1,"12":2,"13":2,"14":2,"15":1,"16":1,"17":1,"18":0,"19":1,"20":1,"21":1,"22":1,"23":0,"24":1,"25":1,"26":0},"f":{"0":1,"1":1,"2":2,"3":1},"b":{"0":[1,1],"1":[0,1]},"_coverageSchema":"1a1c01bbd47fc00a2c39e90264f33305004495a9","hash":"9d9607cec91bcbe0acf7478aba5705ca65c457a4"}
,"C:\\Users\\masu\\Documents\\proyecto awtc\\AWTC\\backend\\controllers\\contact.controller.js": {"path":"C:\\Users\\masu\\Documents\\proyecto awtc\\AWTC\\backend\\controllers\\contact.controller.js","statementMap":{"0":{"start":{"line":1,"column":11},"end":{"line":1,"column":31}},"1":{"start":{"line":3,"column":16},"end":{"line":3,"column":26}},"2":{"start":{"line":5,"column":0},"end":{"line":16,"column":2}},"3":{"start":{"line":6,"column":2},"end":{"line":15,"column":3}},"4":{"start":{"line":7,"column":46},"end":{"line":7,"column":54}},"5":{"start":{"line":8,"column":4},"end":{"line":8,"column":118}},"6":{"start":{"line":8,"column":37},"end":{"line":8,"column":118}},"7":{"start":{"line":10,"column":20},"end":{"line":10,"column":75}},"8":{"start":{"line":11,"column":4},"end":{"line":11,"column":41}},"9":{"start":{"line":13,"column":4},"end":{"line":13,"column":48}},"10":{"start":{"line":14,"column":4},"end":{"line":14,"column":61}},"11":{"start":{"line":18,"column":0},"end":{"line":26,"column":2}},"12":{"start":{"line":19,"column":2},"end":{"line":25,"column":3}},"13":{"start":{"line":20,"column":21},"end":{"line":20,"column":78}},"14":{"start":{"line":21,"column":4},"end":{"line":21,"column":30}},"15":{"start":{"line":23,"column":4},"end":{"line":23,"column":47}},"16":{"start":{"line":24,"column":4},"end":{"line":24,"column":61}},"17":{"start":{"line":28,"column":0},"end":{"line":37,"column":2}},"18":{"start":{"line":29,"column":2},"end":{"line":36,"column":3}},"19":{"start":{"line":30,"column":20},"end":{"line":30,"column":57}},"20":{"start":{"line":31,"column":4},"end":{"line":31,"column":72}},"21":{"start":{"line":31,"column":18},"end":{"line":31,"column":72}},"22":{"start":{"line":32,"column":4},"end":{"line":32,"column":29}},"23":{"start":{"line":34,"column":4},"end":{"line":34,"column":46}},"24":{"start":{"line":35,"column":4},"end":{"line":35,"column":61}},"25":{"start":{"line":39,"column":0},"end":{"line":49,"column":2}},"26":{"start":{"line":40,"column":2},"end":{"line":48,"column":3}},"27":{"start":{"line":41,"column":20},"end":{"line":41,"column":57}},"28":{"start":{"line":42,"column":4},"end":{"line":42,"column":72}},"29":{"start":{"line":42,"column":18},"end":{"line":42,"column":72}},"30":{"start":{"line":43,"column":4},"end":{"line":43,"column":35}},"31":{"start":{"line":44,"column":4},"end":{"line":44,"column":29}},"32":{"start":{"line":46,"column":4},"end":{"line":46,"column":48}},"33":{"start":{"line":47,"column":4},"end":{"line":47,"column":61}},"34":{"start":{"line":51,"column":0},"end":{"line":61,"column":2}},"35":{"start":{"line":52,"column":2},"end":{"line":60,"column":3}},"36":{"start":{"line":53,"column":20},"end":{"line":53,"column":57}},"37":{"start":{"line":54,"column":4},"end":{"line":54,"column":72}},"38":{"start":{"line":54,"column":18},"end":{"line":54,"column":72}},"39":{"start":{"line":55,"column":4},"end":{"line":55,"column":28}},"40":{"start":{"line":56,"column":4},"end":{"line":56,"column":44}},"41":{"start":{"line":58,"column":4},"end":{"line":58,"column":48}},"42":{"start":{"line":59,"column":4},"end":{"line":59,"column":61}}},"fnMap":{"0":{"name":"(anonymous_0)","decl":{"start":{"line":5,"column":17},"end":{"line":5,"column":18}},"loc":{"start":{"line":5,"column":37},"end":{"line":16,"column":1}},"line":5},"1":{"name":"(anonymous_1)","decl":{"start":{"line":18,"column":18},"end":{"line":18,"column":19}},"loc":{"start":{"line":18,"column":38},"end":{"line":26,"column":1}},"line":18},"2":{"name":"(anonymous_2)","decl":{"start":{"line":28,"column":18},"end":{"line":28,"column":19}},"loc":{"start":{"line":28,"column":38},"end":{"line":37,"column":1}},"line":28},"3":{"name":"(anonymous_3)","decl":{"start":{"line":39,"column":17},"end":{"line":39,"column":18}},"loc":{"start":{"line":39,"column":37},"end":{"line":49,"column":1}},"line":39},"4":{"name":"(anonymous_4)","decl":{"start":{"line":51,"column":17},"end":{"line":51,"column":18}},"loc":{"start":{"line":51,"column":37},"end":{"line":61,"column":1}},"line":51}},"branchMap":{"0":{"loc":{"start":{"line":8,"column":4},"end":{"line":8,"column":118}},"type":"if","locations":[{"start":{"line":8,"column":4},"end":{"line":8,"column":118}},{"start":{},"end":{}}],"line":8},"1":{"loc":{"start":{"line":8,"column":8},"end":{"line":8,"column":35}},"type":"binary-expr","locations":[{"start":{"line":8,"column":8},"end":{"line":8,"column":13}},{"start":{"line":8,"column":17},"end":{"line":8,"column":23}},{"start":{"line":8,"column":27},"end":{"line":8,"column":35}}],"line":8},"2":{"loc":{"start":{"line":31,"column":4},"end":{"line":31,"column":72}},"type":"if","locations":[{"start":{"line":31,"column":4},"end":{"line":31,"column":72}},{"start":{},"end":{}}],"line":31},"3":{"loc":{"start":{"line":42,"column":4},"end":{"line":42,"column":72}},"type":"if","locations":[{"start":{"line":42,"column":4},"end":{"line":42,"column":72}},{"start":{},"end":{}}],"line":42},"4":{"loc":{"start":{"line":54,"column":4},"end":{"line":54,"column":72}},"type":"if","locations":[{"start":{"line":54,"column":4},"end":{"line":54,"column":72}},{"start":{},"end":{}}],"line":54}},"s":{"0":1,"1":1,"2":1,"3":1,"4":1,"5":1,"6":0,"7":1,"8":1,"9":0,"10":0,"11":1,"12":1,"13":1,"14":1,"15":0,"16":0,"17":1,"18":2,"19":2,"20":2,"21":1,"22":1,"23":0,"24":0,"25":1,"26":0,"27":0,"28":0,"29":0,"30":0,"31":0,"32":0,"33":0,"34":1,"35":1,"36":1,"37":1,"38":0,"39":1,"40":1,"41":0,"42":0},"f":{"0":1,"1":1,"2":2,"3":0,"4":1},"b":{"0":[0,1],"1":[1,1,1],"2":[1,1],"3":[0,0],"4":[0,1]},"_coverageSchema":"1a1c01bbd47fc00a2c39e90264f33305004495a9","hash":"0460da8e81ef3104d5ead531bfaec5fa6ef16a2f"}
,"C:\\Users\\masu\\Documents\\proyecto awtc\\AWTC\\backend\\controllers\\external.controller.js": {"path":"C:\\Users\\masu\\Documents\\proyecto awtc\\AWTC\\backend\\controllers\\external.controller.js","statementMap":{"0":{"start":{"line":1,"column":14},"end":{"line":1,"column":30}},"1":{"start":{"line":2,"column":14},"end":{"line":2,"column":30}},"2":{"start":{"line":4,"column":14},"end":{"line":6,"column":2}},"3":{"start":{"line":8,"column":0},"end":{"line":22,"column":2}},"4":{"start":{"line":9,"column":2},"end":{"line":21,"column":3}},"5":{"start":{"line":10,"column":21},"end":{"line":16,"column":6}},"6":{"start":{"line":17,"column":4},"end":{"line":17,"column":40}},"7":{"start":{"line":19,"column":4},"end":{"line":19,"column":75}},"8":{"start":{"line":20,"column":4},"end":{"line":20,"column":101}}},"fnMap":{"0":{"name":"(anonymous_0)","decl":{"start":{"line":8,"column":36},"end":{"line":8,"column":37}},"loc":{"start":{"line":8,"column":56},"end":{"line":22,"column":1}},"line":8}},"branchMap":{},"s":{"0":0,"1":0,"2":0,"3":0,"4":0,"5":0,"6":0,"7":0,"8":0},"f":{"0":0},"b":{}}
,"C:\\Users\\masu\\Documents\\proyecto awtc\\AWTC\\backend\\controllers\\message.controller.js": {"path":"C:\\Users\\masu\\Documents\\proyecto awtc\\AWTC\\backend\\controllers\\message.controller.js","statementMap":{"0":{"start":{"line":1,"column":11},"end":{"line":1,"column":31}},"1":{"start":{"line":2,"column":15},"end":{"line":2,"column":35}},"2":{"start":{"line":18,"column":0},"end":{"line":73,"column":2}},"3":{"start":{"line":19,"column":2},"end":{"line":72,"column":3}},"4":{"start":{"line":20,"column":19},"end":{"line":20,"column":30}},"5":{"start":{"line":23,"column":21},"end":{"line":35,"column":6}},"6":{"start":{"line":38,"column":29},"end":{"line":38,"column":38}},"7":{"start":{"line":40,"column":4},"end":{"line":61,"column":7}},"8":{"start":{"line":41,"column":26},"end":{"line":41,"column":93}},"9":{"start":{"line":42,"column":24},"end":{"line":42,"column":87}},"10":{"start":{"line":44,"column":6},"end":{"line":55,"column":7}},"11":{"start":{"line":45,"column":8},"end":{"line":54,"column":11}},"12":{"start":{"line":58,"column":6},"end":{"line":60,"column":7}},"13":{"start":{"line":59,"column":8},"end":{"line":59,"column":56}},"14":{"start":{"line":63,"column":26},"end":{"line":63,"column":63}},"15":{"start":{"line":66,"column":4},"end":{"line":66,"column":92}},"16":{"start":{"line":66,"column":33},"end":{"line":66,"column":90}},"17":{"start":{"line":68,"column":4},"end":{"line":68,"column":28}},"18":{"start":{"line":70,"column":4},"end":{"line":70,"column":57}},"19":{"start":{"line":71,"column":4},"end":{"line":71,"column":70}},"20":{"start":{"line":95,"column":0},"end":{"line":119,"column":2}},"21":{"start":{"line":96,"column":2},"end":{"line":118,"column":3}},"22":{"start":{"line":97,"column":26},"end":{"line":97,"column":37}},"23":{"start":{"line":98,"column":24},"end":{"line":98,"column":51}},"24":{"start":{"line":100,"column":21},"end":{"line":112,"column":6}},"25":{"start":{"line":114,"column":4},"end":{"line":114,"column":23}},"26":{"start":{"line":116,"column":4},"end":{"line":116,"column":59}},"27":{"start":{"line":117,"column":4},"end":{"line":117,"column":72}},"28":{"start":{"line":143,"column":0},"end":{"line":167,"column":2}},"29":{"start":{"line":144,"column":2},"end":{"line":166,"column":3}},"30":{"start":{"line":145,"column":22},"end":{"line":145,"column":52}},"31":{"start":{"line":146,"column":19},"end":{"line":146,"column":30}},"32":{"start":{"line":148,"column":20},"end":{"line":148,"column":56}},"33":{"start":{"line":150,"column":4},"end":{"line":152,"column":5}},"34":{"start":{"line":151,"column":6},"end":{"line":151,"column":66}},"35":{"start":{"line":155,"column":4},"end":{"line":157,"column":5}},"36":{"start":{"line":156,"column":6},"end":{"line":156,"column":90}},"37":{"start":{"line":159,"column":4},"end":{"line":159,"column":26}},"38":{"start":{"line":160,"column":4},"end":{"line":160,"column":25}},"39":{"start":{"line":162,"column":4},"end":{"line":162,"column":67}},"40":{"start":{"line":164,"column":4},"end":{"line":164,"column":59}},"41":{"start":{"line":165,"column":4},"end":{"line":165,"column":69}},"42":{"start":{"line":183,"column":0},"end":{"line":199,"column":2}},"43":{"start":{"line":184,"column":2},"end":{"line":198,"column":3}},"44":{"start":{"line":185,"column":19},"end":{"line":185,"column":30}},"45":{"start":{"line":187,"column":18},"end":{"line":192,"column":6}},"46":{"start":{"line":194,"column":4},"end":{"line":194,"column":37}},"47":{"start":{"line":196,"column":4},"end":{"line":196,"column":56}},"48":{"start":{"line":197,"column":4},"end":{"line":197,"column":77}},"49":{"start":{"line":215,"column":0},"end":{"line":243,"column":2}},"50":{"start":{"line":216,"column":2},"end":{"line":242,"column":3}},"51":{"start":{"line":217,"column":26},"end":{"line":217,"column":37}},"52":{"start":{"line":220,"column":18},"end":{"line":227,"column":6}},"53":{"start":{"line":230,"column":27},"end":{"line":236,"column":7}},"54":{"start":{"line":230,"column":46},"end":{"line":236,"column":5}},"55":{"start":{"line":238,"column":4},"end":{"line":238,"column":29}},"56":{"start":{"line":240,"column":4},"end":{"line":240,"column":59}},"57":{"start":{"line":241,"column":4},"end":{"line":241,"column":72}}},"fnMap":{"0":{"name":"(anonymous_0)","decl":{"start":{"line":18,"column":27},"end":{"line":18,"column":28}},"loc":{"start":{"line":18,"column":47},"end":{"line":73,"column":1}},"line":18},"1":{"name":"(anonymous_1)","decl":{"start":{"line":40,"column":21},"end":{"line":40,"column":22}},"loc":{"start":{"line":40,"column":32},"end":{"line":61,"column":5}},"line":40},"2":{"name":"(anonymous_2)","decl":{"start":{"line":66,"column":23},"end":{"line":66,"column":24}},"loc":{"start":{"line":66,"column":33},"end":{"line":66,"column":90}},"line":66},"3":{"name":"(anonymous_3)","decl":{"start":{"line":95,"column":28},"end":{"line":95,"column":29}},"loc":{"start":{"line":95,"column":48},"end":{"line":119,"column":1}},"line":95},"4":{"name":"(anonymous_4)","decl":{"start":{"line":143,"column":21},"end":{"line":143,"column":22}},"loc":{"start":{"line":143,"column":41},"end":{"line":167,"column":1}},"line":143},"5":{"name":"(anonymous_5)","decl":{"start":{"line":183,"column":25},"end":{"line":183,"column":26}},"loc":{"start":{"line":183,"column":45},"end":{"line":199,"column":1}},"line":183},"6":{"name":"(anonymous_6)","decl":{"start":{"line":215,"column":28},"end":{"line":215,"column":29}},"loc":{"start":{"line":215,"column":48},"end":{"line":243,"column":1}},"line":215},"7":{"name":"(anonymous_7)","decl":{"start":{"line":230,"column":37},"end":{"line":230,"column":38}},"loc":{"start":{"line":230,"column":46},"end":{"line":236,"column":5}},"line":230}},"branchMap":{"0":{"loc":{"start":{"line":41,"column":26},"end":{"line":41,"column":93}},"type":"cond-expr","locations":[{"start":{"line":41,"column":56},"end":{"line":41,"column":74}},{"start":{"line":41,"column":77},"end":{"line":41,"column":93}}],"line":41},"1":{"loc":{"start":{"line":42,"column":24},"end":{"line":42,"column":87}},"type":"cond-expr","locations":[{"start":{"line":42,"column":54},"end":{"line":42,"column":70}},{"start":{"line":42,"column":73},"end":{"line":42,"column":87}}],"line":42},"2":{"loc":{"start":{"line":44,"column":6},"end":{"line":55,"column":7}},"type":"if","locations":[{"start":{"line":44,"column":6},"end":{"line":55,"column":7}},{"start":{},"end":{}}],"line":44},"3":{"loc":{"start":{"line":50,"column":24},"end":{"line":50,"column":91}},"type":"cond-expr","locations":[{"start":{"line":50,"column":49},"end":{"line":50,"column":84}},{"start":{"line":50,"column":87},"end":{"line":50,"column":91}}],"line":50},"4":{"loc":{"start":{"line":58,"column":6},"end":{"line":60,"column":7}},"type":"if","locations":[{"start":{"line":58,"column":6},"end":{"line":60,"column":7}},{"start":{},"end":{}}],"line":58},"5":{"loc":{"start":{"line":58,"column":10},"end":{"line":58,"column":58}},"type":"binary-expr","locations":[{"start":{"line":58,"column":10},"end":{"line":58,"column":39}},{"start":{"line":58,"column":43},"end":{"line":58,"column":58}}],"line":58},"6":{"loc":{"start":{"line":150,"column":4},"end":{"line":152,"column":5}},"type":"if","locations":[{"start":{"line":150,"column":4},"end":{"line":152,"column":5}},{"start":{},"end":{}}],"line":150},"7":{"loc":{"start":{"line":155,"column":4},"end":{"line":157,"column":5}},"type":"if","locations":[{"start":{"line":155,"column":4},"end":{"line":157,"column":5}},{"start":{},"end":{}}],"line":155},"8":{"loc":{"start":{"line":235,"column":20},"end":{"line":235,"column":77}},"type":"cond-expr","locations":[{"start":{"line":235,"column":40},"end":{"line":235,"column":70}},{"start":{"line":235,"column":73},"end":{"line":235,"column":77}}],"line":235}},"s":{"0":1,"1":1,"2":1,"3":1,"4":1,"5":0,"6":0,"7":0,"8":0,"9":0,"10":0,"11":0,"12":0,"13":0,"14":0,"15":0,"16":0,"17":0,"18":1,"19":1,"20":1,"21":1,"22":1,"23":0,"24":0,"25":0,"26":1,"27":1,"28":1,"29":0,"30":0,"31":0,"32":0,"33":0,"34":0,"35":0,"36":0,"37":0,"38":0,"39":0,"40":0,"41":0,"42":1,"43":1,"44":1,"45":0,"46":0,"47":1,"48":1,"49":1,"50":1,"51":1,"52":0,"53":0,"54":0,"55":0,"56":1,"57":1},"f":{"0":1,"1":0,"2":0,"3":1,"4":0,"5":1,"6":1,"7":0},"b":{"0":[0,0],"1":[0,0],"2":[0,0],"3":[0,0],"4":[0,0],"5":[0,0],"6":[0,0],"7":[0,0],"8":[0,0]},"_coverageSchema":"1a1c01bbd47fc00a2c39e90264f33305004495a9","hash":"7b5ce21e5d132ad641388c07a9ec37f0979aea99"}
,"C:\\Users\\masu\\Documents\\proyecto awtc\\AWTC\\backend\\controllers\\project.controller.js": {"path":"C:\\Users\\masu\\Documents\\proyecto awtc\\AWTC\\backend\\controllers\\project.controller.js","statementMap":{"0":{"start":{"line":1,"column":20},"end":{"line":1,"column":40}},"1":{"start":{"line":2,"column":11},"end":{"line":2,"column":31}},"2":{"start":{"line":3,"column":17},"end":{"line":3,"column":19}},"3":{"start":{"line":4,"column":15},"end":{"line":4,"column":41}},"4":{"start":{"line":5,"column":35},"end":{"line":5,"column":71}},"5":{"start":{"line":6,"column":30},"end":{"line":6,"column":57}},"6":{"start":{"line":9,"column":0},"end":{"line":36,"column":2}},"7":{"start":{"line":10,"column":2},"end":{"line":35,"column":3}},"8":{"start":{"line":11,"column":96},"end":{"line":11,"column":104}},"9":{"start":{"line":12,"column":21},"end":{"line":12,"column":56}},"10":{"start":{"line":14,"column":20},"end":{"line":24,"column":6}},"11":{"start":{"line":26,"column":4},"end":{"line":26,"column":72}},"12":{"start":{"line":29,"column":20},"end":{"line":29,"column":109}},"13":{"start":{"line":30,"column":4},"end":{"line":30,"column":34}},"14":{"start":{"line":32,"column":4},"end":{"line":32,"column":63}},"15":{"start":{"line":33,"column":4},"end":{"line":33,"column":25}},"16":{"start":{"line":34,"column":4},"end":{"line":34,"column":71}},"17":{"start":{"line":39,"column":0},"end":{"line":70,"column":2}},"18":{"start":{"line":40,"column":2},"end":{"line":69,"column":3}},"19":{"start":{"line":41,"column":21},"end":{"line":43,"column":6}},"20":{"start":{"line":46,"column":19},"end":{"line":50,"column":6}},"21":{"start":{"line":53,"column":21},"end":{"line":53,"column":23}},"22":{"start":{"line":54,"column":4},"end":{"line":56,"column":7}},"23":{"start":{"line":55,"column":6},"end":{"line":55,"column":38}},"24":{"start":{"line":59,"column":30},"end":{"line":63,"column":6}},"25":{"start":{"line":60,"column":20},"end":{"line":60,"column":30}},"26":{"start":{"line":61,"column":6},"end":{"line":61,"column":49}},"27":{"start":{"line":62,"column":6},"end":{"line":62,"column":19}},"28":{"start":{"line":65,"column":4},"end":{"line":65,"column":44}},"29":{"start":{"line":67,"column":4},"end":{"line":67,"column":55}},"30":{"start":{"line":68,"column":4},"end":{"line":68,"column":74}},"31":{"start":{"line":73,"column":0},"end":{"line":169,"column":2}},"32":{"start":{"line":74,"column":2},"end":{"line":168,"column":3}},"33":{"start":{"line":75,"column":20},"end":{"line":75,"column":57}},"34":{"start":{"line":76,"column":4},"end":{"line":76,"column":80}},"35":{"start":{"line":76,"column":18},"end":{"line":76,"column":80}},"36":{"start":{"line":78,"column":96},"end":{"line":78,"column":104}},"37":{"start":{"line":80,"column":23},"end":{"line":88,"column":5}},"38":{"start":{"line":91,"column":4},"end":{"line":93,"column":5}},"39":{"start":{"line":92,"column":6},"end":{"line":92,"column":41}},"40":{"start":{"line":95,"column":4},"end":{"line":97,"column":5}},"41":{"start":{"line":96,"column":6},"end":{"line":96,"column":46}},"42":{"start":{"line":100,"column":22},"end":{"line":100,"column":36}},"43":{"start":{"line":101,"column":4},"end":{"line":101,"column":109}},"44":{"start":{"line":103,"column":4},"end":{"line":103,"column":37}},"45":{"start":{"line":106,"column":4},"end":{"line":160,"column":5}},"46":{"start":{"line":107,"column":6},"end":{"line":107,"column":102}},"47":{"start":{"line":108,"column":6},"end":{"line":157,"column":7}},"48":{"start":{"line":110,"column":29},"end":{"line":115,"column":10}},"49":{"start":{"line":117,"column":24},"end":{"line":117,"column":57}},"50":{"start":{"line":117,"column":47},"end":{"line":117,"column":56}},"51":{"start":{"line":118,"column":8},"end":{"line":118,"column":85}},"52":{"start":{"line":120,"column":8},"end":{"line":153,"column":9}},"53":{"start":{"line":121,"column":38},"end":{"line":130,"column":11}},"54":{"start":{"line":132,"column":10},"end":{"line":132,"column":94}},"55":{"start":{"line":135,"column":39},"end":{"line":137,"column":11}},"56":{"start":{"line":136,"column":12},"end":{"line":136,"column":63}},"57":{"start":{"line":139,"column":26},"end":{"line":139,"column":72}},"58":{"start":{"line":140,"column":28},"end":{"line":140,"column":99}},"59":{"start":{"line":140,"column":48},"end":{"line":140,"column":91}},"60":{"start":{"line":141,"column":30},"end":{"line":141,"column":102}},"61":{"start":{"line":141,"column":50},"end":{"line":141,"column":94}},"62":{"start":{"line":143,"column":10},"end":{"line":143,"column":82}},"63":{"start":{"line":145,"column":10},"end":{"line":150,"column":11}},"64":{"start":{"line":146,"column":28},"end":{"line":148,"column":42}},"65":{"start":{"line":147,"column":29},"end":{"line":147,"column":73}},"66":{"start":{"line":148,"column":26},"end":{"line":148,"column":41}},"67":{"start":{"line":149,"column":13},"end":{"line":149,"column":76}},"68":{"start":{"line":152,"column":10},"end":{"line":152,"column":70}},"69":{"start":{"line":155,"column":8},"end":{"line":155,"column":81}},"70":{"start":{"line":156,"column":8},"end":{"line":156,"column":35}},"71":{"start":{"line":159,"column":6},"end":{"line":159,"column":96}},"72":{"start":{"line":163,"column":20},"end":{"line":163,"column":109}},"73":{"start":{"line":164,"column":4},"end":{"line":164,"column":34}},"74":{"start":{"line":166,"column":4},"end":{"line":166,"column":25}},"75":{"start":{"line":167,"column":4},"end":{"line":167,"column":71}},"76":{"start":{"line":173,"column":0},"end":{"line":183,"column":2}},"77":{"start":{"line":174,"column":2},"end":{"line":182,"column":3}},"78":{"start":{"line":175,"column":20},"end":{"line":175,"column":57}},"79":{"start":{"line":176,"column":4},"end":{"line":176,"column":80}},"80":{"start":{"line":176,"column":18},"end":{"line":176,"column":80}},"81":{"start":{"line":178,"column":4},"end":{"line":178,"column":28}},"82":{"start":{"line":179,"column":4},"end":{"line":179,"column":70}},"83":{"start":{"line":181,"column":4},"end":{"line":181,"column":71}},"84":{"start":{"line":186,"column":0},"end":{"line":237,"column":2}},"85":{"start":{"line":187,"column":2},"end":{"line":236,"column":3}},"86":{"start":{"line":188,"column":22},"end":{"line":188,"column":49}},"87":{"start":{"line":189,"column":4},"end":{"line":189,"column":87}},"88":{"start":{"line":189,"column":19},"end":{"line":189,"column":87}},"89":{"start":{"line":191,"column":20},"end":{"line":191,"column":53}},"90":{"start":{"line":192,"column":4},"end":{"line":192,"column":80}},"91":{"start":{"line":192,"column":18},"end":{"line":192,"column":80}},"92":{"start":{"line":194,"column":19},"end":{"line":194,"column":30}},"93":{"start":{"line":197,"column":24},"end":{"line":197,"column":89}},"94":{"start":{"line":198,"column":4},"end":{"line":198,"column":97}},"95":{"start":{"line":198,"column":21},"end":{"line":198,"column":97}},"96":{"start":{"line":201,"column":27},"end":{"line":203,"column":6}},"97":{"start":{"line":205,"column":4},"end":{"line":207,"column":5}},"98":{"start":{"line":206,"column":6},"end":{"line":206,"column":78}},"99":{"start":{"line":210,"column":27},"end":{"line":213,"column":6}},"100":{"start":{"line":215,"column":4},"end":{"line":215,"column":81}},"101":{"start":{"line":215,"column":18},"end":{"line":215,"column":81}},"102":{"start":{"line":218,"column":4},"end":{"line":230,"column":5}},"103":{"start":{"line":219,"column":36},"end":{"line":219,"column":54}},"104":{"start":{"line":220,"column":29},"end":{"line":220,"column":48}},"105":{"start":{"line":221,"column":6},"end":{"line":225,"column":9}},"106":{"start":{"line":226,"column":6},"end":{"line":226,"column":116}},"107":{"start":{"line":228,"column":6},"end":{"line":228,"column":77}},"108":{"start":{"line":232,"column":4},"end":{"line":232,"column":89}},"109":{"start":{"line":234,"column":4},"end":{"line":234,"column":54}},"110":{"start":{"line":235,"column":4},"end":{"line":235,"column":82}},"111":{"start":{"line":240,"column":0},"end":{"line":252,"column":2}},"112":{"start":{"line":241,"column":2},"end":{"line":251,"column":3}},"113":{"start":{"line":242,"column":22},"end":{"line":242,"column":49}},"114":{"start":{"line":243,"column":20},"end":{"line":243,"column":133}},"115":{"start":{"line":244,"column":4},"end":{"line":244,"column":80}},"116":{"start":{"line":244,"column":18},"end":{"line":244,"column":80}},"117":{"start":{"line":247,"column":4},"end":{"line":247,"column":92}},"118":{"start":{"line":249,"column":4},"end":{"line":249,"column":55}},"119":{"start":{"line":250,"column":4},"end":{"line":250,"column":74}},"120":{"start":{"line":255,"column":0},"end":{"line":267,"column":2}},"121":{"start":{"line":256,"column":2},"end":{"line":266,"column":3}},"122":{"start":{"line":257,"column":22},"end":{"line":257,"column":49}},"123":{"start":{"line":258,"column":24},"end":{"line":258,"column":55}},"124":{"start":{"line":259,"column":19},"end":{"line":259,"column":94}},"125":{"start":{"line":260,"column":4},"end":{"line":260,"column":84}},"126":{"start":{"line":260,"column":17},"end":{"line":260,"column":84}},"127":{"start":{"line":261,"column":4},"end":{"line":261,"column":48}},"128":{"start":{"line":262,"column":4},"end":{"line":262,"column":75}},"129":{"start":{"line":264,"column":4},"end":{"line":264,"column":57}},"130":{"start":{"line":265,"column":4},"end":{"line":265,"column":74}},"131":{"start":{"line":270,"column":0},"end":{"line":313,"column":2}},"132":{"start":{"line":271,"column":2},"end":{"line":312,"column":3}},"133":{"start":{"line":272,"column":22},"end":{"line":272,"column":49}},"134":{"start":{"line":273,"column":24},"end":{"line":273,"column":55}},"135":{"start":{"line":274,"column":20},"end":{"line":274,"column":53}},"136":{"start":{"line":275,"column":4},"end":{"line":275,"column":80}},"137":{"start":{"line":275,"column":18},"end":{"line":275,"column":80}},"138":{"start":{"line":278,"column":24},"end":{"line":278,"column":102}},"139":{"start":{"line":279,"column":4},"end":{"line":279,"column":98}},"140":{"start":{"line":279,"column":21},"end":{"line":279,"column":98}},"141":{"start":{"line":282,"column":27},"end":{"line":284,"column":6}},"142":{"start":{"line":286,"column":4},"end":{"line":288,"column":5}},"143":{"start":{"line":287,"column":6},"end":{"line":287,"column":78}},"144":{"start":{"line":290,"column":27},"end":{"line":290,"column":141}},"145":{"start":{"line":291,"column":4},"end":{"line":291,"column":102}},"146":{"start":{"line":291,"column":18},"end":{"line":291,"column":102}},"147":{"start":{"line":294,"column":4},"end":{"line":306,"column":5}},"148":{"start":{"line":295,"column":36},"end":{"line":295,"column":54}},"149":{"start":{"line":296,"column":29},"end":{"line":296,"column":48}},"150":{"start":{"line":297,"column":6},"end":{"line":301,"column":9}},"151":{"start":{"line":302,"column":6},"end":{"line":302,"column":116}},"152":{"start":{"line":304,"column":6},"end":{"line":304,"column":77}},"153":{"start":{"line":308,"column":4},"end":{"line":308,"column":94}},"154":{"start":{"line":310,"column":4},"end":{"line":310,"column":54}},"155":{"start":{"line":311,"column":4},"end":{"line":311,"column":82}},"156":{"start":{"line":316,"column":0},"end":{"line":351,"column":2}},"157":{"start":{"line":317,"column":2},"end":{"line":350,"column":3}},"158":{"start":{"line":318,"column":22},"end":{"line":318,"column":49}},"159":{"start":{"line":319,"column":24},"end":{"line":319,"column":55}},"160":{"start":{"line":320,"column":19},"end":{"line":320,"column":94}},"161":{"start":{"line":321,"column":4},"end":{"line":321,"column":84}},"162":{"start":{"line":321,"column":17},"end":{"line":321,"column":84}},"163":{"start":{"line":323,"column":20},"end":{"line":323,"column":53}},"164":{"start":{"line":325,"column":4},"end":{"line":325,"column":27}},"165":{"start":{"line":327,"column":4},"end":{"line":327,"column":131}},"166":{"start":{"line":330,"column":4},"end":{"line":344,"column":5}},"167":{"start":{"line":331,"column":36},"end":{"line":333,"column":8}},"168":{"start":{"line":334,"column":29},"end":{"line":334,"column":48}},"169":{"start":{"line":335,"column":6},"end":{"line":339,"column":9}},"170":{"start":{"line":340,"column":6},"end":{"line":340,"column":116}},"171":{"start":{"line":342,"column":6},"end":{"line":342,"column":77}},"172":{"start":{"line":346,"column":4},"end":{"line":346,"column":78}},"173":{"start":{"line":348,"column":4},"end":{"line":348,"column":57}},"174":{"start":{"line":349,"column":4},"end":{"line":349,"column":74}},"175":{"start":{"line":354,"column":0},"end":{"line":390,"column":2}},"176":{"start":{"line":355,"column":2},"end":{"line":389,"column":3}},"177":{"start":{"line":356,"column":22},"end":{"line":356,"column":49}},"178":{"start":{"line":357,"column":4},"end":{"line":357,"column":87}},"179":{"start":{"line":357,"column":19},"end":{"line":357,"column":87}},"180":{"start":{"line":358,"column":19},"end":{"line":358,"column":30}},"181":{"start":{"line":359,"column":19},"end":{"line":359,"column":81}},"182":{"start":{"line":360,"column":4},"end":{"line":360,"column":87}},"183":{"start":{"line":360,"column":17},"end":{"line":360,"column":87}},"184":{"start":{"line":362,"column":20},"end":{"line":362,"column":53}},"185":{"start":{"line":364,"column":4},"end":{"line":364,"column":27}},"186":{"start":{"line":366,"column":4},"end":{"line":366,"column":118}},"187":{"start":{"line":369,"column":4},"end":{"line":383,"column":5}},"188":{"start":{"line":370,"column":36},"end":{"line":372,"column":8}},"189":{"start":{"line":373,"column":29},"end":{"line":373,"column":48}},"190":{"start":{"line":374,"column":6},"end":{"line":378,"column":9}},"191":{"start":{"line":379,"column":6},"end":{"line":379,"column":116}},"192":{"start":{"line":381,"column":6},"end":{"line":381,"column":77}},"193":{"start":{"line":385,"column":4},"end":{"line":385,"column":85}},"194":{"start":{"line":387,"column":4},"end":{"line":387,"column":51}},"195":{"start":{"line":388,"column":4},"end":{"line":388,"column":81}},"196":{"start":{"line":393,"column":0},"end":{"line":405,"column":2}},"197":{"start":{"line":394,"column":2},"end":{"line":404,"column":3}},"198":{"start":{"line":395,"column":22},"end":{"line":395,"column":49}},"199":{"start":{"line":396,"column":24},"end":{"line":396,"column":55}},"200":{"start":{"line":397,"column":16},"end":{"line":397,"column":94}},"201":{"start":{"line":398,"column":4},"end":{"line":398,"column":72}},"202":{"start":{"line":398,"column":14},"end":{"line":398,"column":72}},"203":{"start":{"line":399,"column":4},"end":{"line":399,"column":24}},"204":{"start":{"line":400,"column":4},"end":{"line":400,"column":75}},"205":{"start":{"line":402,"column":4},"end":{"line":402,"column":56}},"206":{"start":{"line":403,"column":4},"end":{"line":403,"column":74}}},"fnMap":{"0":{"name":"(anonymous_0)","decl":{"start":{"line":9,"column":24},"end":{"line":9,"column":25}},"loc":{"start":{"line":9,"column":44},"end":{"line":36,"column":1}},"line":9},"1":{"name":"(anonymous_1)","decl":{"start":{"line":39,"column":25},"end":{"line":39,"column":26}},"loc":{"start":{"line":39,"column":45},"end":{"line":70,"column":1}},"line":39},"2":{"name":"(anonymous_2)","decl":{"start":{"line":54,"column":19},"end":{"line":54,"column":20}},"loc":{"start":{"line":54,"column":24},"end":{"line":56,"column":5}},"line":54},"3":{"name":"(anonymous_3)","decl":{"start":{"line":59,"column":43},"end":{"line":59,"column":44}},"loc":{"start":{"line":59,"column":48},"end":{"line":63,"column":5}},"line":59},"4":{"name":"(anonymous_4)","decl":{"start":{"line":73,"column":24},"end":{"line":73,"column":25}},"loc":{"start":{"line":73,"column":44},"end":{"line":169,"column":1}},"line":73},"5":{"name":"(anonymous_5)","decl":{"start":{"line":117,"column":41},"end":{"line":117,"column":42}},"loc":{"start":{"line":117,"column":47},"end":{"line":117,"column":56}},"line":117},"6":{"name":"(anonymous_6)","decl":{"start":{"line":135,"column":51},"end":{"line":135,"column":52}},"loc":{"start":{"line":136,"column":12},"end":{"line":136,"column":63}},"line":136},"7":{"name":"(anonymous_7)","decl":{"start":{"line":140,"column":43},"end":{"line":140,"column":44}},"loc":{"start":{"line":140,"column":48},"end":{"line":140,"column":91}},"line":140},"8":{"name":"(anonymous_8)","decl":{"start":{"line":141,"column":45},"end":{"line":141,"column":46}},"loc":{"start":{"line":141,"column":50},"end":{"line":141,"column":94}},"line":141},"9":{"name":"(anonymous_9)","decl":{"start":{"line":147,"column":24},"end":{"line":147,"column":25}},"loc":{"start":{"line":147,"column":29},"end":{"line":147,"column":73}},"line":147},"10":{"name":"(anonymous_10)","decl":{"start":{"line":148,"column":21},"end":{"line":148,"column":22}},"loc":{"start":{"line":148,"column":26},"end":{"line":148,"column":41}},"line":148},"11":{"name":"(anonymous_11)","decl":{"start":{"line":173,"column":24},"end":{"line":173,"column":25}},"loc":{"start":{"line":173,"column":44},"end":{"line":183,"column":1}},"line":173},"12":{"name":"(anonymous_12)","decl":{"start":{"line":186,"column":23},"end":{"line":186,"column":24}},"loc":{"start":{"line":186,"column":43},"end":{"line":237,"column":1}},"line":186},"13":{"name":"(anonymous_13)","decl":{"start":{"line":240,"column":24},"end":{"line":240,"column":25}},"loc":{"start":{"line":240,"column":44},"end":{"line":252,"column":1}},"line":240},"14":{"name":"(anonymous_14)","decl":{"start":{"line":255,"column":26},"end":{"line":255,"column":27}},"loc":{"start":{"line":255,"column":46},"end":{"line":267,"column":1}},"line":255},"15":{"name":"(anonymous_15)","decl":{"start":{"line":270,"column":23},"end":{"line":270,"column":24}},"loc":{"start":{"line":270,"column":43},"end":{"line":313,"column":1}},"line":270},"16":{"name":"(anonymous_16)","decl":{"start":{"line":316,"column":26},"end":{"line":316,"column":27}},"loc":{"start":{"line":316,"column":46},"end":{"line":351,"column":1}},"line":316},"17":{"name":"(anonymous_17)","decl":{"start":{"line":354,"column":25},"end":{"line":354,"column":26}},"loc":{"start":{"line":354,"column":45},"end":{"line":390,"column":1}},"line":354},"18":{"name":"(anonymous_18)","decl":{"start":{"line":393,"column":25},"end":{"line":393,"column":26}},"loc":{"start":{"line":393,"column":45},"end":{"line":405,"column":1}},"line":393}},"branchMap":{"0":{"loc":{"start":{"line":12,"column":21},"end":{"line":12,"column":56}},"type":"cond-expr","locations":[{"start":{"line":12,"column":32},"end":{"line":12,"column":49}},{"start":{"line":12,"column":52},"end":{"line":12,"column":56}}],"line":12},"1":{"loc":{"start":{"line":61,"column":29},"end":{"line":61,"column":48}},"type":"binary-expr","locations":[{"start":{"line":61,"column":29},"end":{"line":61,"column":43}},{"start":{"line":61,"column":47},"end":{"line":61,"column":48}}],"line":61},"2":{"loc":{"start":{"line":76,"column":4},"end":{"line":76,"column":80}},"type":"if","locations":[{"start":{"line":76,"column":4},"end":{"line":76,"column":80}},{"start":{},"end":{}}],"line":76},"3":{"loc":{"start":{"line":91,"column":4},"end":{"line":93,"column":5}},"type":"if","locations":[{"start":{"line":91,"column":4},"end":{"line":93,"column":5}},{"start":{},"end":{}}],"line":91},"4":{"loc":{"start":{"line":95,"column":4},"end":{"line":97,"column":5}},"type":"if","locations":[{"start":{"line":95,"column":4},"end":{"line":97,"column":5}},{"start":{},"end":{}}],"line":95},"5":{"loc":{"start":{"line":95,"column":8},"end":{"line":95,"column":37}},"type":"binary-expr","locations":[{"start":{"line":95,"column":8},"end":{"line":95,"column":16}},{"start":{"line":95,"column":20},"end":{"line":95,"column":37}}],"line":95},"6":{"loc":{"start":{"line":106,"column":4},"end":{"line":160,"column":5}},"type":"if","locations":[{"start":{"line":106,"column":4},"end":{"line":160,"column":5}},{"start":{"line":158,"column":11},"end":{"line":160,"column":5}}],"line":106},"7":{"loc":{"start":{"line":106,"column":8},"end":{"line":106,"column":94}},"type":"binary-expr","locations":[{"start":{"line":106,"column":8},"end":{"line":106,"column":14}},{"start":{"line":106,"column":18},"end":{"line":106,"column":38}},{"start":{"line":106,"column":42},"end":{"line":106,"column":94}}],"line":106},"8":{"loc":{"start":{"line":120,"column":8},"end":{"line":153,"column":9}},"type":"if","locations":[{"start":{"line":120,"column":8},"end":{"line":153,"column":9}},{"start":{"line":151,"column":15},"end":{"line":153,"column":9}}],"line":120},"9":{"loc":{"start":{"line":140,"column":48},"end":{"line":140,"column":91}},"type":"binary-expr","locations":[{"start":{"line":140,"column":48},"end":{"line":140,"column":72}},{"start":{"line":140,"column":76},"end":{"line":140,"column":91}}],"line":140},"10":{"loc":{"start":{"line":141,"column":50},"end":{"line":141,"column":94}},"type":"binary-expr","locations":[{"start":{"line":141,"column":50},"end":{"line":141,"column":74}},{"start":{"line":141,"column":78},"end":{"line":141,"column":94}}],"line":141},"11":{"loc":{"start":{"line":145,"column":10},"end":{"line":150,"column":11}},"type":"if","locations":[{"start":{"line":145,"column":10},"end":{"line":150,"column":11}},{"start":{},"end":{}}],"line":145},"12":{"loc":{"start":{"line":147,"column":29},"end":{"line":147,"column":73}},"type":"binary-expr","locations":[{"start":{"line":147,"column":29},"end":{"line":147,"column":53}},{"start":{"line":147,"column":57},"end":{"line":147,"column":73}}],"line":147},"13":{"loc":{"start":{"line":176,"column":4},"end":{"line":176,"column":80}},"type":"if","locations":[{"start":{"line":176,"column":4},"end":{"line":176,"column":80}},{"start":{},"end":{}}],"line":176},"14":{"loc":{"start":{"line":189,"column":4},"end":{"line":189,"column":87}},"type":"if","locations":[{"start":{"line":189,"column":4},"end":{"line":189,"column":87}},{"start":{},"end":{}}],"line":189},"15":{"loc":{"start":{"line":192,"column":4},"end":{"line":192,"column":80}},"type":"if","locations":[{"start":{"line":192,"column":4},"end":{"line":192,"column":80}},{"start":{},"end":{}}],"line":192},"16":{"loc":{"start":{"line":198,"column":4},"end":{"line":198,"column":97}},"type":"if","locations":[{"start":{"line":198,"column":4},"end":{"line":198,"column":97}},{"start":{},"end":{}}],"line":198},"17":{"loc":{"start":{"line":205,"column":4},"end":{"line":207,"column":5}},"type":"if","locations":[{"start":{"line":205,"column":4},"end":{"line":207,"column":5}},{"start":{},"end":{}}],"line":205},"18":{"loc":{"start":{"line":215,"column":4},"end":{"line":215,"column":81}},"type":"if","locations":[{"start":{"line":215,"column":4},"end":{"line":215,"column":81}},{"start":{},"end":{}}],"line":215},"19":{"loc":{"start":{"line":244,"column":4},"end":{"line":244,"column":80}},"type":"if","locations":[{"start":{"line":244,"column":4},"end":{"line":244,"column":80}},{"start":{},"end":{}}],"line":244},"20":{"loc":{"start":{"line":247,"column":69},"end":{"line":247,"column":88}},"type":"binary-expr","locations":[{"start":{"line":247,"column":69},"end":{"line":247,"column":82}},{"start":{"line":247,"column":86},"end":{"line":247,"column":88}}],"line":247},"21":{"loc":{"start":{"line":260,"column":4},"end":{"line":260,"column":84}},"type":"if","locations":[{"start":{"line":260,"column":4},"end":{"line":260,"column":84}},{"start":{},"end":{}}],"line":260},"22":{"loc":{"start":{"line":275,"column":4},"end":{"line":275,"column":80}},"type":"if","locations":[{"start":{"line":275,"column":4},"end":{"line":275,"column":80}},{"start":{},"end":{}}],"line":275},"23":{"loc":{"start":{"line":279,"column":4},"end":{"line":279,"column":98}},"type":"if","locations":[{"start":{"line":279,"column":4},"end":{"line":279,"column":98}},{"start":{},"end":{}}],"line":279},"24":{"loc":{"start":{"line":286,"column":4},"end":{"line":288,"column":5}},"type":"if","locations":[{"start":{"line":286,"column":4},"end":{"line":288,"column":5}},{"start":{},"end":{}}],"line":286},"25":{"loc":{"start":{"line":291,"column":4},"end":{"line":291,"column":102}},"type":"if","locations":[{"start":{"line":291,"column":4},"end":{"line":291,"column":102}},{"start":{},"end":{}}],"line":291},"26":{"loc":{"start":{"line":321,"column":4},"end":{"line":321,"column":84}},"type":"if","locations":[{"start":{"line":321,"column":4},"end":{"line":321,"column":84}},{"start":{},"end":{}}],"line":321},"27":{"loc":{"start":{"line":357,"column":4},"end":{"line":357,"column":87}},"type":"if","locations":[{"start":{"line":357,"column":4},"end":{"line":357,"column":87}},{"start":{},"end":{}}],"line":357},"28":{"loc":{"start":{"line":360,"column":4},"end":{"line":360,"column":87}},"type":"if","locations":[{"start":{"line":360,"column":4},"end":{"line":360,"column":87}},{"start":{},"end":{}}],"line":360},"29":{"loc":{"start":{"line":398,"column":4},"end":{"line":398,"column":72}},"type":"if","locations":[{"start":{"line":398,"column":4},"end":{"line":398,"column":72}},{"start":{},"end":{}}],"line":398}},"s":{"0":1,"1":1,"2":1,"3":1,"4":1,"5":1,"6":1,"7":1,"8":1,"9":1,"10":1,"11":1,"12":1,"13":1,"14":0,"15":0,"16":0,"17":1,"18":2,"19":2,"20":2,"21":2,"22":2,"23":10,"24":2,"25":11,"26":11,"27":11,"28":2,"29":0,"30":0,"31":1,"32":1,"33":1,"34":1,"35":0,"36":1,"37":1,"38":1,"39":0,"40":1,"41":0,"42":1,"43":1,"44":1,"45":1,"46":0,"47":0,"48":0,"49":0,"50":0,"51":0,"52":0,"53":0,"54":0,"55":0,"56":0,"57":0,"58":0,"59":0,"60":0,"61":0,"62":0,"63":0,"64":0,"65":0,"66":0,"67":0,"68":0,"69":0,"70":0,"71":1,"72":1,"73":1,"74":0,"75":0,"76":1,"77":1,"78":1,"79":1,"80":0,"81":1,"82":1,"83":0,"84":1,"85":0,"86":0,"87":0,"88":0,"89":0,"90":0,"91":0,"92":0,"93":0,"94":0,"95":0,"96":0,"97":0,"98":0,"99":0,"100":0,"101":0,"102":0,"103":0,"104":0,"105":0,"106":0,"107":0,"108":0,"109":0,"110":0,"111":1,"112":0,"113":0,"114":0,"115":0,"116":0,"117":0,"118":0,"119":0,"120":1,"121":0,"122":0,"123":0,"124":0,"125":0,"126":0,"127":0,"128":0,"129":0,"130":0,"131":1,"132":0,"133":0,"134":0,"135":0,"136":0,"137":0,"138":0,"139":0,"140":0,"141":0,"142":0,"143":0,"144":0,"145":0,"146":0,"147":0,"148":0,"149":0,"150":0,"151":0,"152":0,"153":0,"154":0,"155":0,"156":1,"157":0,"158":0,"159":0,"160":0,"161":0,"162":0,"163":0,"164":0,"165":0,"166":0,"167":0,"168":0,"169":0,"170":0,"171":0,"172":0,"173":0,"174":0,"175":1,"176":0,"177":0,"178":0,"179":0,"180":0,"181":0,"182":0,"183":0,"184":0,"185":0,"186":0,"187":0,"188":0,"189":0,"190":0,"191":0,"192":0,"193":0,"194":0,"195":0,"196":1,"197":0,"198":0,"199":0,"200":0,"201":0,"202":0,"203":0,"204":0,"205":0,"206":0},"f":{"0":1,"1":2,"2":10,"3":11,"4":1,"5":0,"6":0,"7":0,"8":0,"9":0,"10":0,"11":1,"12":0,"13":0,"14":0,"15":0,"16":0,"17":0,"18":0},"b":{"0":[0,1],"1":[11,1],"2":[0,1],"3":[0,1],"4":[0,1],"5":[1,0],"6":[0,1],"7":[1,1,1],"8":[0,0],"9":[0,0],"10":[0,0],"11":[0,0],"12":[0,0],"13":[0,1],"14":[0,0],"15":[0,0],"16":[0,0],"17":[0,0],"18":[0,0],"19":[0,0],"20":[0,0],"21":[0,0],"22":[0,0],"23":[0,0],"24":[0,0],"25":[0,0],"26":[0,0],"27":[0,0],"28":[0,0],"29":[0,0]},"_coverageSchema":"1a1c01bbd47fc00a2c39e90264f33305004495a9","hash":"04376a62f99d785f34b24398d4e838d6ebc84d86"}
,"C:\\Users\\masu\\Documents\\proyecto awtc\\AWTC\\backend\\controllers\\reviews.controller.js": {"path":"C:\\Users\\masu\\Documents\\proyecto awtc\\AWTC\\backend\\controllers\\reviews.controller.js","statementMap":{"0":{"start":{"line":1,"column":26},"end":{"line":1,"column":46}},"1":{"start":{"line":2,"column":35},"end":{"line":2,"column":71}},"2":{"start":{"line":3,"column":25},"end":{"line":3,"column":52}},"3":{"start":{"line":4,"column":11},"end":{"line":4,"column":24}},"4":{"start":{"line":5,"column":13},"end":{"line":5,"column":28}},"5":{"start":{"line":7,"column":0},"end":{"line":50,"column":2}},"6":{"start":{"line":8,"column":2},"end":{"line":49,"column":3}},"7":{"start":{"line":9,"column":4},"end":{"line":11,"column":5}},"8":{"start":{"line":10,"column":6},"end":{"line":10,"column":72}},"9":{"start":{"line":13,"column":24},"end":{"line":13,"column":32}},"10":{"start":{"line":15,"column":22},"end":{"line":15,"column":70}},"11":{"start":{"line":17,"column":19},"end":{"line":22,"column":6}},"12":{"start":{"line":24,"column":27},"end":{"line":28,"column":6}},"13":{"start":{"line":31,"column":4},"end":{"line":43,"column":5}},"14":{"start":{"line":32,"column":6},"end":{"line":39,"column":9}},"15":{"start":{"line":40,"column":6},"end":{"line":40,"column":67}},"16":{"start":{"line":42,"column":6},"end":{"line":42,"column":60}},"17":{"start":{"line":45,"column":4},"end":{"line":45,"column":41}},"18":{"start":{"line":47,"column":4},"end":{"line":47,"column":25}},"19":{"start":{"line":48,"column":4},"end":{"line":48,"column":70}},"20":{"start":{"line":52,"column":0},"end":{"line":62,"column":2}},"21":{"start":{"line":53,"column":2},"end":{"line":61,"column":3}},"22":{"start":{"line":54,"column":20},"end":{"line":57,"column":6}},"23":{"start":{"line":58,"column":4},"end":{"line":58,"column":34}},"24":{"start":{"line":60,"column":4},"end":{"line":60,"column":73}},"25":{"start":{"line":64,"column":0},"end":{"line":111,"column":2}},"26":{"start":{"line":65,"column":2},"end":{"line":110,"column":3}},"27":{"start":{"line":66,"column":4},"end":{"line":66,"column":78}},"28":{"start":{"line":66,"column":19},"end":{"line":66,"column":78}},"29":{"start":{"line":68,"column":19},"end":{"line":68,"column":29}},"30":{"start":{"line":69,"column":24},"end":{"line":69,"column":32}},"31":{"start":{"line":71,"column":19},"end":{"line":71,"column":45}},"32":{"start":{"line":72,"column":4},"end":{"line":72,"column":78}},"33":{"start":{"line":72,"column":17},"end":{"line":72,"column":78}},"34":{"start":{"line":74,"column":4},"end":{"line":76,"column":5}},"35":{"start":{"line":75,"column":6},"end":{"line":75,"column":69}},"36":{"start":{"line":78,"column":21},"end":{"line":81,"column":5}},"37":{"start":{"line":83,"column":4},"end":{"line":89,"column":5}},"38":{"start":{"line":84,"column":6},"end":{"line":87,"column":7}},"39":{"start":{"line":85,"column":24},"end":{"line":85,"column":71}},"40":{"start":{"line":86,"column":8},"end":{"line":86,"column":59}},"41":{"start":{"line":86,"column":36},"end":{"line":86,"column":59}},"42":{"start":{"line":88,"column":6},"end":{"line":88,"column":56}},"43":{"start":{"line":91,"column":4},"end":{"line":91,"column":36}},"44":{"start":{"line":94,"column":4},"end":{"line":104,"column":5}},"45":{"start":{"line":95,"column":6},"end":{"line":100,"column":9}},"46":{"start":{"line":101,"column":6},"end":{"line":101,"column":59}},"47":{"start":{"line":103,"column":6},"end":{"line":103,"column":60}},"48":{"start":{"line":106,"column":4},"end":{"line":106,"column":33}},"49":{"start":{"line":108,"column":4},"end":{"line":108,"column":25}},"50":{"start":{"line":109,"column":4},"end":{"line":109,"column":70}},"51":{"start":{"line":113,"column":0},"end":{"line":180,"column":2}},"52":{"start":{"line":114,"column":2},"end":{"line":179,"column":3}},"53":{"start":{"line":115,"column":4},"end":{"line":115,"column":78}},"54":{"start":{"line":115,"column":19},"end":{"line":115,"column":78}},"55":{"start":{"line":117,"column":19},"end":{"line":117,"column":29}},"56":{"start":{"line":118,"column":19},"end":{"line":118,"column":45}},"57":{"start":{"line":120,"column":4},"end":{"line":120,"column":78}},"58":{"start":{"line":120,"column":17},"end":{"line":120,"column":78}},"59":{"start":{"line":122,"column":20},"end":{"line":122,"column":45}},"60":{"start":{"line":123,"column":20},"end":{"line":123,"column":49}},"61":{"start":{"line":126,"column":4},"end":{"line":128,"column":5}},"62":{"start":{"line":127,"column":6},"end":{"line":127,"column":69}},"63":{"start":{"line":130,"column":4},"end":{"line":135,"column":5}},"64":{"start":{"line":131,"column":24},"end":{"line":131,"column":71}},"65":{"start":{"line":132,"column":6},"end":{"line":134,"column":7}},"66":{"start":{"line":133,"column":8},"end":{"line":133,"column":33}},"67":{"start":{"line":137,"column":26},"end":{"line":137,"column":39}},"68":{"start":{"line":138,"column":21},"end":{"line":138,"column":30}},"69":{"start":{"line":139,"column":26},"end":{"line":141,"column":19}},"70":{"start":{"line":143,"column":4},"end":{"line":143,"column":27}},"71":{"start":{"line":146,"column":4},"end":{"line":173,"column":5}},"72":{"start":{"line":148,"column":6},"end":{"line":153,"column":7}},"73":{"start":{"line":149,"column":8},"end":{"line":149,"column":83}},"74":{"start":{"line":150,"column":8},"end":{"line":150,"column":60}},"75":{"start":{"line":152,"column":8},"end":{"line":152,"column":69}},"76":{"start":{"line":156,"column":22},"end":{"line":165,"column":7}},"77":{"start":{"line":167,"column":6},"end":{"line":172,"column":7}},"78":{"start":{"line":168,"column":29},"end":{"line":168,"column":81}},"79":{"start":{"line":169,"column":8},"end":{"line":169,"column":63}},"80":{"start":{"line":171,"column":8},"end":{"line":171,"column":82}},"81":{"start":{"line":175,"column":4},"end":{"line":175,"column":69}},"82":{"start":{"line":177,"column":4},"end":{"line":177,"column":25}},"83":{"start":{"line":178,"column":4},"end":{"line":178,"column":70}}},"fnMap":{"0":{"name":"(anonymous_0)","decl":{"start":{"line":7,"column":23},"end":{"line":7,"column":24}},"loc":{"start":{"line":7,"column":43},"end":{"line":50,"column":1}},"line":7},"1":{"name":"(anonymous_1)","decl":{"start":{"line":52,"column":24},"end":{"line":52,"column":25}},"loc":{"start":{"line":52,"column":44},"end":{"line":62,"column":1}},"line":52},"2":{"name":"(anonymous_2)","decl":{"start":{"line":64,"column":23},"end":{"line":64,"column":24}},"loc":{"start":{"line":64,"column":43},"end":{"line":111,"column":1}},"line":64},"3":{"name":"(anonymous_3)","decl":{"start":{"line":113,"column":23},"end":{"line":113,"column":24}},"loc":{"start":{"line":113,"column":43},"end":{"line":180,"column":1}},"line":113}},"branchMap":{"0":{"loc":{"start":{"line":9,"column":4},"end":{"line":11,"column":5}},"type":"if","locations":[{"start":{"line":9,"column":4},"end":{"line":11,"column":5}},{"start":{},"end":{}}],"line":9},"1":{"loc":{"start":{"line":15,"column":22},"end":{"line":15,"column":70}},"type":"cond-expr","locations":[{"start":{"line":15,"column":33},"end":{"line":15,"column":63}},{"start":{"line":15,"column":66},"end":{"line":15,"column":70}}],"line":15},"2":{"loc":{"start":{"line":36,"column":15},"end":{"line":36,"column":43}},"type":"binary-expr","locations":[{"start":{"line":36,"column":15},"end":{"line":36,"column":35}},{"start":{"line":36,"column":39},"end":{"line":36,"column":43}}],"line":36},"3":{"loc":{"start":{"line":66,"column":4},"end":{"line":66,"column":78}},"type":"if","locations":[{"start":{"line":66,"column":4},"end":{"line":66,"column":78}},{"start":{},"end":{}}],"line":66},"4":{"loc":{"start":{"line":72,"column":4},"end":{"line":72,"column":78}},"type":"if","locations":[{"start":{"line":72,"column":4},"end":{"line":72,"column":78}},{"start":{},"end":{}}],"line":72},"5":{"loc":{"start":{"line":74,"column":4},"end":{"line":76,"column":5}},"type":"if","locations":[{"start":{"line":74,"column":4},"end":{"line":76,"column":5}},{"start":{},"end":{}}],"line":74},"6":{"loc":{"start":{"line":83,"column":4},"end":{"line":89,"column":5}},"type":"if","locations":[{"start":{"line":83,"column":4},"end":{"line":89,"column":5}},{"start":{},"end":{}}],"line":83},"7":{"loc":{"start":{"line":84,"column":6},"end":{"line":87,"column":7}},"type":"if","locations":[{"start":{"line":84,"column":6},"end":{"line":87,"column":7}},{"start":{},"end":{}}],"line":84},"8":{"loc":{"start":{"line":86,"column":8},"end":{"line":86,"column":59}},"type":"if","locations":[{"start":{"line":86,"column":8},"end":{"line":86,"column":59}},{"start":{},"end":{}}],"line":86},"9":{"loc":{"start":{"line":99,"column":15},"end":{"line":99,"column":35}},"type":"binary-expr","locations":[{"start":{"line":99,"column":15},"end":{"line":99,"column":27}},{"start":{"line":99,"column":31},"end":{"line":99,"column":35}}],"line":99},"10":{"loc":{"start":{"line":115,"column":4},"end":{"line":115,"column":78}},"type":"if","locations":[{"start":{"line":115,"column":4},"end":{"line":115,"column":78}},{"start":{},"end":{}}],"line":115},"11":{"loc":{"start":{"line":120,"column":4},"end":{"line":120,"column":78}},"type":"if","locations":[{"start":{"line":120,"column":4},"end":{"line":120,"column":78}},{"start":{},"end":{}}],"line":120},"12":{"loc":{"start":{"line":126,"column":4},"end":{"line":128,"column":5}},"type":"if","locations":[{"start":{"line":126,"column":4},"end":{"line":128,"column":5}},{"start":{},"end":{}}],"line":126},"13":{"loc":{"start":{"line":126,"column":8},"end":{"line":126,"column":28}},"type":"binary-expr","locations":[{"start":{"line":126,"column":8},"end":{"line":126,"column":16}},{"start":{"line":126,"column":20},"end":{"line":126,"column":28}}],"line":126},"14":{"loc":{"start":{"line":130,"column":4},"end":{"line":135,"column":5}},"type":"if","locations":[{"start":{"line":130,"column":4},"end":{"line":135,"column":5}},{"start":{},"end":{}}],"line":130},"15":{"loc":{"start":{"line":132,"column":6},"end":{"line":134,"column":7}},"type":"if","locations":[{"start":{"line":132,"column":6},"end":{"line":134,"column":7}},{"start":{},"end":{}}],"line":132},"16":{"loc":{"start":{"line":139,"column":26},"end":{"line":141,"column":19}},"type":"cond-expr","locations":[{"start":{"line":140,"column":8},"end":{"line":140,"column":82}},{"start":{"line":141,"column":8},"end":{"line":141,"column":19}}],"line":139},"17":{"loc":{"start":{"line":140,"column":41},"end":{"line":140,"column":80}},"type":"cond-expr","locations":[{"start":{"line":140,"column":70},"end":{"line":140,"column":75}},{"start":{"line":140,"column":78},"end":{"line":140,"column":80}}],"line":140},"18":{"loc":{"start":{"line":146,"column":4},"end":{"line":173,"column":5}},"type":"if","locations":[{"start":{"line":146,"column":4},"end":{"line":173,"column":5}},{"start":{},"end":{}}],"line":146},"19":{"loc":{"start":{"line":146,"column":8},"end":{"line":146,"column":27}},"type":"binary-expr","locations":[{"start":{"line":146,"column":8},"end":{"line":146,"column":15}},{"start":{"line":146,"column":19},"end":{"line":146,"column":27}}],"line":146}},"s":{"0":1,"1":1,"2":1,"3":1,"4":1,"5":1,"6":1,"7":1,"8":1,"9":0,"10":0,"11":0,"12":0,"13":0,"14":0,"15":0,"16":0,"17":0,"18":0,"19":0,"20":1,"21":1,"22":1,"23":1,"24":0,"25":1,"26":1,"27":1,"28":1,"29":0,"30":0,"31":0,"32":0,"33":0,"34":0,"35":0,"36":0,"37":0,"38":0,"39":0,"40":0,"41":0,"42":0,"43":0,"44":0,"45":0,"46":0,"47":0,"48":0,"49":0,"50":0,"51":1,"52":2,"53":2,"54":1,"55":1,"56":1,"57":1,"58":1,"59":0,"60":0,"61":0,"62":0,"63":0,"64":0,"65":0,"66":0,"67":0,"68":0,"69":0,"70":0,"71":0,"72":0,"73":0,"74":0,"75":0,"76":0,"77":0,"78":0,"79":0,"80":0,"81":0,"82":0,"83":0},"f":{"0":1,"1":1,"2":1,"3":2},"b":{"0":[1,0],"1":[0,0],"2":[0,0],"3":[1,0],"4":[0,0],"5":[0,0],"6":[0,0],"7":[0,0],"8":[0,0],"9":[0,0],"10":[1,1],"11":[1,0],"12":[0,0],"13":[0,0],"14":[0,0],"15":[0,0],"16":[0,0],"17":[0,0],"18":[0,0],"19":[0,0]},"_coverageSchema":"1a1c01bbd47fc00a2c39e90264f33305004495a9","hash":"02e7548b118ce876433cfbfa28aea9555b1426e0"}
,"C:\\Users\\masu\\Documents\\proyecto awtc\\AWTC\\backend\\controllers\\session.controller.js": {"path":"C:\\Users\\masu\\Documents\\proyecto awtc\\AWTC\\backend\\controllers\\session.controller.js","statementMap":{"0":{"start":{"line":1,"column":17},"end":{"line":1,"column":37}},"1":{"start":{"line":2,"column":17},"end":{"line":2,"column":46}},"2":{"start":{"line":3,"column":15},"end":{"line":3,"column":41}},"3":{"start":{"line":5,"column":21},"end":{"line":5,"column":72}},"4":{"start":{"line":8,"column":0},"end":{"line":12,"column":2}},"5":{"start":{"line":10,"column":2},"end":{"line":10,"column":41}},"6":{"start":{"line":10,"column":16},"end":{"line":10,"column":41}},"7":{"start":{"line":11,"column":2},"end":{"line":11,"column":77}},"8":{"start":{"line":15,"column":0},"end":{"line":50,"column":2}},"9":{"start":{"line":16,"column":2},"end":{"line":49,"column":3}},"10":{"start":{"line":17,"column":32},"end":{"line":17,"column":46}},"11":{"start":{"line":18,"column":4},"end":{"line":21,"column":5}},"12":{"start":{"line":19,"column":6},"end":{"line":19,"column":94}},"13":{"start":{"line":20,"column":6},"end":{"line":20,"column":99}},"14":{"start":{"line":24,"column":28},"end":{"line":24,"column":72}},"15":{"start":{"line":25,"column":4},"end":{"line":28,"column":5}},"16":{"start":{"line":26,"column":6},"end":{"line":26,"column":68}},"17":{"start":{"line":27,"column":6},"end":{"line":27,"column":101}},"18":{"start":{"line":31,"column":17},"end":{"line":31,"column":57}},"19":{"start":{"line":32,"column":4},"end":{"line":35,"column":5}},"20":{"start":{"line":33,"column":6},"end":{"line":33,"column":91}},"21":{"start":{"line":34,"column":6},"end":{"line":34,"column":114}},"22":{"start":{"line":38,"column":4},"end":{"line":38,"column":33}},"23":{"start":{"line":39,"column":4},"end":{"line":39,"column":37}},"24":{"start":{"line":41,"column":4},"end":{"line":41,"column":56}},"25":{"start":{"line":44,"column":4},"end":{"line":44,"column":29}},"26":{"start":{"line":46,"column":4},"end":{"line":46,"column":82}},"27":{"start":{"line":47,"column":4},"end":{"line":47,"column":55}},"28":{"start":{"line":48,"column":4},"end":{"line":48,"column":143}},"29":{"start":{"line":53,"column":0},"end":{"line":63,"column":2}},"30":{"start":{"line":54,"column":2},"end":{"line":62,"column":3}},"31":{"start":{"line":55,"column":4},"end":{"line":58,"column":7}},"32":{"start":{"line":56,"column":6},"end":{"line":56,"column":62}},"33":{"start":{"line":57,"column":6},"end":{"line":57,"column":36}},"34":{"start":{"line":60,"column":4},"end":{"line":60,"column":48}},"35":{"start":{"line":61,"column":4},"end":{"line":61,"column":27}}},"fnMap":{"0":{"name":"(anonymous_0)","decl":{"start":{"line":8,"column":20},"end":{"line":8,"column":21}},"loc":{"start":{"line":8,"column":34},"end":{"line":12,"column":1}},"line":8},"1":{"name":"(anonymous_1)","decl":{"start":{"line":15,"column":16},"end":{"line":15,"column":17}},"loc":{"start":{"line":15,"column":36},"end":{"line":50,"column":1}},"line":15},"2":{"name":"(anonymous_2)","decl":{"start":{"line":53,"column":17},"end":{"line":53,"column":18}},"loc":{"start":{"line":53,"column":31},"end":{"line":63,"column":1}},"line":53},"3":{"name":"(anonymous_3)","decl":{"start":{"line":55,"column":24},"end":{"line":55,"column":25}},"loc":{"start":{"line":55,"column":33},"end":{"line":58,"column":5}},"line":55}},"branchMap":{"0":{"loc":{"start":{"line":5,"column":21},"end":{"line":5,"column":72}},"type":"binary-expr","locations":[{"start":{"line":5,"column":21},"end":{"line":5,"column":45}},{"start":{"line":5,"column":49},"end":{"line":5,"column":72}}],"line":5},"1":{"loc":{"start":{"line":10,"column":2},"end":{"line":10,"column":41}},"type":"if","locations":[{"start":{"line":10,"column":2},"end":{"line":10,"column":41}},{"start":{},"end":{}}],"line":10},"2":{"loc":{"start":{"line":17,"column":32},"end":{"line":17,"column":46}},"type":"binary-expr","locations":[{"start":{"line":17,"column":32},"end":{"line":17,"column":40}},{"start":{"line":17,"column":44},"end":{"line":17,"column":46}}],"line":17},"3":{"loc":{"start":{"line":18,"column":4},"end":{"line":21,"column":5}},"type":"if","locations":[{"start":{"line":18,"column":4},"end":{"line":21,"column":5}},{"start":{},"end":{}}],"line":18},"4":{"loc":{"start":{"line":18,"column":8},"end":{"line":18,"column":27}},"type":"binary-expr","locations":[{"start":{"line":18,"column":8},"end":{"line":18,"column":14}},{"start":{"line":18,"column":18},"end":{"line":18,"column":27}}],"line":18},"5":{"loc":{"start":{"line":19,"column":67},"end":{"line":19,"column":90}},"type":"binary-expr","locations":[{"start":{"line":19,"column":67},"end":{"line":19,"column":72}},{"start":{"line":19,"column":76},"end":{"line":19,"column":90}}],"line":19},"6":{"loc":{"start":{"line":20,"column":84},"end":{"line":20,"column":95}},"type":"binary-expr","locations":[{"start":{"line":20,"column":84},"end":{"line":20,"column":89}},{"start":{"line":20,"column":93},"end":{"line":20,"column":95}}],"line":20},"7":{"loc":{"start":{"line":25,"column":4},"end":{"line":28,"column":5}},"type":"if","locations":[{"start":{"line":25,"column":4},"end":{"line":28,"column":5}},{"start":{},"end":{}}],"line":25},"8":{"loc":{"start":{"line":32,"column":4},"end":{"line":35,"column":5}},"type":"if","locations":[{"start":{"line":32,"column":4},"end":{"line":35,"column":5}},{"start":{},"end":{}}],"line":32},"9":{"loc":{"start":{"line":48,"column":80},"end":{"line":48,"column":112}},"type":"binary-expr","locations":[{"start":{"line":48,"column":80},"end":{"line":48,"column":88}},{"start":{"line":48,"column":92},"end":{"line":48,"column":106}},{"start":{"line":48,"column":110},"end":{"line":48,"column":112}}],"line":48},"10":{"loc":{"start":{"line":56,"column":22},"end":{"line":56,"column":60}},"type":"binary-expr","locations":[{"start":{"line":56,"column":22},"end":{"line":56,"column":46}},{"start":{"line":56,"column":50},"end":{"line":56,"column":60}}],"line":56}},"s":{"0":0,"1":0,"2":0,"3":0,"4":0,"5":0,"6":0,"7":0,"8":0,"9":0,"10":0,"11":0,"12":0,"13":0,"14":0,"15":0,"16":0,"17":0,"18":0,"19":0,"20":0,"21":0,"22":0,"23":0,"24":0,"25":0,"26":0,"27":0,"28":0,"29":0,"30":0,"31":0,"32":0,"33":0,"34":0,"35":0},"f":{"0":0,"1":0,"2":0,"3":0},"b":{"0":[0,0],"1":[0,0],"2":[0,0],"3":[0,0],"4":[0,0],"5":[0,0],"6":[0,0],"7":[0,0],"8":[0,0],"9":[0,0,0],"10":[0,0]}}
,"C:\\Users\\masu\\Documents\\proyecto awtc\\AWTC\\backend\\controllers\\subscription.controller.js": {"path":"C:\\Users\\masu\\Documents\\proyecto awtc\\AWTC\\backend\\controllers\\subscription.controller.js","statementMap":{"0":{"start":{"line":1,"column":16},"end":{"line":1,"column":35}},"1":{"start":{"line":2,"column":11},"end":{"line":2,"column":31}},"2":{"start":{"line":3,"column":21},"end":{"line":3,"column":36}},"3":{"start":{"line":6,"column":0},"end":{"line":10,"column":2}},"4":{"start":{"line":17,"column":18},"end":{"line":76,"column":1}},"5":{"start":{"line":18,"column":2},"end":{"line":75,"column":3}},"6":{"start":{"line":19,"column":47},"end":{"line":19,"column":55}},"7":{"start":{"line":22,"column":4},"end":{"line":27,"column":5}},"8":{"start":{"line":23,"column":6},"end":{"line":23,"column":73}},"9":{"start":{"line":24,"column":6},"end":{"line":26,"column":9}},"10":{"start":{"line":29,"column":19},"end":{"line":29,"column":30}},"11":{"start":{"line":30,"column":4},"end":{"line":30,"column":97}},"12":{"start":{"line":33,"column":4},"end":{"line":38,"column":5}},"13":{"start":{"line":34,"column":6},"end":{"line":34,"column":95}},"14":{"start":{"line":35,"column":6},"end":{"line":37,"column":9}},"15":{"start":{"line":41,"column":33},"end":{"line":43,"column":6}},"16":{"start":{"line":45,"column":4},"end":{"line":55,"column":5}},"17":{"start":{"line":47,"column":6},"end":{"line":50,"column":7}},"18":{"start":{"line":48,"column":8},"end":{"line":48,"column":45}},"19":{"start":{"line":49,"column":8},"end":{"line":49,"column":42}},"20":{"start":{"line":51,"column":6},"end":{"line":54,"column":9}},"21":{"start":{"line":58,"column":25},"end":{"line":63,"column":6}},"22":{"start":{"line":65,"column":4},"end":{"line":68,"column":7}},"23":{"start":{"line":70,"column":4},"end":{"line":70,"column":57}},"24":{"start":{"line":71,"column":4},"end":{"line":74,"column":7}},"25":{"start":{"line":83,"column":20},"end":{"line":117,"column":1}},"26":{"start":{"line":84,"column":2},"end":{"line":116,"column":3}},"27":{"start":{"line":85,"column":25},"end":{"line":85,"column":33}},"28":{"start":{"line":86,"column":19},"end":{"line":86,"column":30}},"29":{"start":{"line":88,"column":4},"end":{"line":92,"column":5}},"30":{"start":{"line":89,"column":6},"end":{"line":91,"column":9}},"31":{"start":{"line":94,"column":20},"end":{"line":99,"column":6}},"32":{"start":{"line":101,"column":4},"end":{"line":109,"column":5}},"33":{"start":{"line":102,"column":6},"end":{"line":104,"column":9}},"34":{"start":{"line":106,"column":6},"end":{"line":108,"column":9}},"35":{"start":{"line":111,"column":4},"end":{"line":111,"column":57}},"36":{"start":{"line":112,"column":4},"end":{"line":115,"column":7}},"37":{"start":{"line":124,"column":29},"end":{"line":143,"column":1}},"38":{"start":{"line":125,"column":2},"end":{"line":142,"column":3}},"39":{"start":{"line":126,"column":19},"end":{"line":126,"column":30}},"40":{"start":{"line":128,"column":26},"end":{"line":131,"column":6}},"41":{"start":{"line":133,"column":4},"end":{"line":135,"column":7}},"42":{"start":{"line":137,"column":4},"end":{"line":137,"column":58}},"43":{"start":{"line":138,"column":4},"end":{"line":141,"column":7}},"44":{"start":{"line":151,"column":31},"end":{"line":216,"column":1}},"45":{"start":{"line":152,"column":2},"end":{"line":215,"column":3}},"46":{"start":{"line":153,"column":4},"end":{"line":153,"column":71}},"47":{"start":{"line":156,"column":26},"end":{"line":158,"column":6}},"48":{"start":{"line":160,"column":4},"end":{"line":160,"column":87}},"49":{"start":{"line":162,"column":4},"end":{"line":167,"column":5}},"50":{"start":{"line":163,"column":6},"end":{"line":166,"column":8}},"51":{"start":{"line":169,"column":20},"end":{"line":173,"column":5}},"52":{"start":{"line":176,"column":4},"end":{"line":201,"column":5}},"53":{"start":{"line":177,"column":6},"end":{"line":200,"column":7}},"54":{"start":{"line":178,"column":33},"end":{"line":181,"column":9}},"55":{"start":{"line":183,"column":8},"end":{"line":186,"column":10}},"56":{"start":{"line":188,"column":8},"end":{"line":188,"column":117}},"57":{"start":{"line":189,"column":8},"end":{"line":189,"column":23}},"58":{"start":{"line":191,"column":8},"end":{"line":191,"column":85}},"59":{"start":{"line":192,"column":8},"end":{"line":192,"column":25}},"60":{"start":{"line":193,"column":8},"end":{"line":193,"column":43}},"61":{"start":{"line":196,"column":8},"end":{"line":199,"column":9}},"62":{"start":{"line":197,"column":10},"end":{"line":197,"column":74}},"63":{"start":{"line":198,"column":10},"end":{"line":198,"column":39}},"64":{"start":{"line":203,"column":4},"end":{"line":203,"column":81}},"65":{"start":{"line":205,"column":4},"end":{"line":208,"column":6}},"66":{"start":{"line":210,"column":4},"end":{"line":210,"column":63}},"67":{"start":{"line":211,"column":4},"end":{"line":214,"column":6}},"68":{"start":{"line":223,"column":0},"end":{"line":228,"column":2}}},"fnMap":{"0":{"name":"(anonymous_0)","decl":{"start":{"line":17,"column":18},"end":{"line":17,"column":19}},"loc":{"start":{"line":17,"column":38},"end":{"line":76,"column":1}},"line":17},"1":{"name":"(anonymous_1)","decl":{"start":{"line":83,"column":20},"end":{"line":83,"column":21}},"loc":{"start":{"line":83,"column":40},"end":{"line":117,"column":1}},"line":83},"2":{"name":"(anonymous_2)","decl":{"start":{"line":124,"column":29},"end":{"line":124,"column":30}},"loc":{"start":{"line":124,"column":49},"end":{"line":143,"column":1}},"line":124},"3":{"name":"(anonymous_3)","decl":{"start":{"line":151,"column":31},"end":{"line":151,"column":32}},"loc":{"start":{"line":151,"column":58},"end":{"line":216,"column":1}},"line":151}},"branchMap":{"0":{"loc":{"start":{"line":7,"column":15},"end":{"line":7,"column":66}},"type":"binary-expr","locations":[{"start":{"line":7,"column":15},"end":{"line":7,"column":38}},{"start":{"line":7,"column":42},"end":{"line":7,"column":66}}],"line":7},"1":{"loc":{"start":{"line":22,"column":4},"end":{"line":27,"column":5}},"type":"if","locations":[{"start":{"line":22,"column":4},"end":{"line":27,"column":5}},{"start":{},"end":{}}],"line":22},"2":{"loc":{"start":{"line":22,"column":8},"end":{"line":22,"column":33}},"type":"binary-expr","locations":[{"start":{"line":22,"column":8},"end":{"line":22,"column":17}},{"start":{"line":22,"column":21},"end":{"line":22,"column":33}}],"line":22},"3":{"loc":{"start":{"line":33,"column":4},"end":{"line":38,"column":5}},"type":"if","locations":[{"start":{"line":33,"column":4},"end":{"line":38,"column":5}},{"start":{},"end":{}}],"line":33},"4":{"loc":{"start":{"line":33,"column":8},"end":{"line":33,"column":56}},"type":"binary-expr","locations":[{"start":{"line":33,"column":8},"end":{"line":33,"column":17}},{"start":{"line":33,"column":21},"end":{"line":33,"column":26}},{"start":{"line":33,"column":30},"end":{"line":33,"column":42}},{"start":{"line":33,"column":46},"end":{"line":33,"column":56}}],"line":33},"5":{"loc":{"start":{"line":45,"column":4},"end":{"line":55,"column":5}},"type":"if","locations":[{"start":{"line":45,"column":4},"end":{"line":55,"column":5}},{"start":{},"end":{}}],"line":45},"6":{"loc":{"start":{"line":47,"column":6},"end":{"line":50,"column":7}},"type":"if","locations":[{"start":{"line":47,"column":6},"end":{"line":50,"column":7}},{"start":{},"end":{}}],"line":47},"7":{"loc":{"start":{"line":61,"column":22},"end":{"line":61,"column":44}},"type":"binary-expr","locations":[{"start":{"line":61,"column":22},"end":{"line":61,"column":36}},{"start":{"line":61,"column":40},"end":{"line":61,"column":44}}],"line":61},"8":{"loc":{"start":{"line":88,"column":4},"end":{"line":92,"column":5}},"type":"if","locations":[{"start":{"line":88,"column":4},"end":{"line":92,"column":5}},{"start":{},"end":{}}],"line":88},"9":{"loc":{"start":{"line":101,"column":4},"end":{"line":109,"column":5}},"type":"if","locations":[{"start":{"line":101,"column":4},"end":{"line":109,"column":5}},{"start":{"line":105,"column":11},"end":{"line":109,"column":5}}],"line":101},"10":{"loc":{"start":{"line":162,"column":4},"end":{"line":167,"column":5}},"type":"if","locations":[{"start":{"line":162,"column":4},"end":{"line":167,"column":5}},{"start":{},"end":{}}],"line":162},"11":{"loc":{"start":{"line":196,"column":8},"end":{"line":199,"column":9}},"type":"if","locations":[{"start":{"line":196,"column":8},"end":{"line":199,"column":9}},{"start":{},"end":{}}],"line":196}},"s":{"0":2,"1":2,"2":2,"3":2,"4":2,"5":0,"6":0,"7":0,"8":0,"9":0,"10":0,"11":0,"12":0,"13":0,"14":0,"15":0,"16":0,"17":0,"18":0,"19":0,"20":0,"21":0,"22":0,"23":0,"24":0,"25":2,"26":0,"27":0,"28":0,"29":0,"30":0,"31":0,"32":0,"33":0,"34":0,"35":0,"36":0,"37":2,"38":0,"39":0,"40":0,"41":0,"42":0,"43":0,"44":2,"45":0,"46":0,"47":0,"48":0,"49":0,"50":0,"51":0,"52":0,"53":0,"54":0,"55":0,"56":0,"57":0,"58":0,"59":0,"60":0,"61":0,"62":0,"63":0,"64":0,"65":0,"66":0,"67":0,"68":2},"f":{"0":0,"1":0,"2":0,"3":0},"b":{"0":[2,0],"1":[0,0],"2":[0,0],"3":[0,0],"4":[0,0,0,0],"5":[0,0],"6":[0,0],"7":[0,0],"8":[0,0],"9":[0,0],"10":[0,0],"11":[0,0]},"_coverageSchema":"1a1c01bbd47fc00a2c39e90264f33305004495a9","hash":"a63d68e17ed16a51e5b0d1c41de19d53bb2c8bc5"}
,"C:\\Users\\masu\\Documents\\proyecto awtc\\AWTC\\backend\\controllers\\user.controller.js": {"path":"C:\\Users\\masu\\Documents\\proyecto awtc\\AWTC\\backend\\controllers\\user.controller.js","statementMap":{"0":{"start":{"line":1,"column":17},"end":{"line":1,"column":37}},"1":{"start":{"line":2,"column":14},"end":{"line":2,"column":39}},"2":{"start":{"line":3,"column":17},"end":{"line":3,"column":46}},"3":{"start":{"line":6,"column":0},"end":{"line":49,"column":2}},"4":{"start":{"line":7,"column":2},"end":{"line":48,"column":3}},"5":{"start":{"line":9,"column":57},"end":{"line":9,"column":65}},"6":{"start":{"line":10,"column":4},"end":{"line":12,"column":5}},"7":{"start":{"line":11,"column":6},"end":{"line":11,"column":47}},"8":{"start":{"line":14,"column":4},"end":{"line":16,"column":5}},"9":{"start":{"line":15,"column":6},"end":{"line":15,"column":63}},"10":{"start":{"line":18,"column":21},"end":{"line":18,"column":61}},"11":{"start":{"line":19,"column":4},"end":{"line":21,"column":5}},"12":{"start":{"line":20,"column":6},"end":{"line":20,"column":78}},"13":{"start":{"line":24,"column":4},"end":{"line":29,"column":5}},"14":{"start":{"line":25,"column":6},"end":{"line":25,"column":52}},"15":{"start":{"line":27,"column":6},"end":{"line":27,"column":44}},"16":{"start":{"line":28,"column":6},"end":{"line":28,"column":83}},"17":{"start":{"line":31,"column":17},"end":{"line":35,"column":6}},"18":{"start":{"line":37,"column":18},"end":{"line":37,"column":43}},"19":{"start":{"line":38,"column":22},"end":{"line":38,"column":46}},"20":{"start":{"line":40,"column":4},"end":{"line":44,"column":7}},"21":{"start":{"line":46,"column":4},"end":{"line":46,"column":25}},"22":{"start":{"line":47,"column":4},"end":{"line":47,"column":61}},"23":{"start":{"line":52,"column":0},"end":{"line":94,"column":2}},"24":{"start":{"line":53,"column":2},"end":{"line":93,"column":3}},"25":{"start":{"line":57,"column":23},"end":{"line":57,"column":51}},"26":{"start":{"line":58,"column":4},"end":{"line":71,"column":5}},"27":{"start":{"line":59,"column":32},"end":{"line":59,"column":56}},"28":{"start":{"line":60,"column":26},"end":{"line":60,"column":84}},"29":{"start":{"line":61,"column":6},"end":{"line":61,"column":49}},"30":{"start":{"line":64,"column":9},"end":{"line":71,"column":5}},"31":{"start":{"line":65,"column":6},"end":{"line":65,"column":29}},"32":{"start":{"line":66,"column":6},"end":{"line":66,"column":35}},"33":{"start":{"line":70,"column":6},"end":{"line":70,"column":103}},"34":{"start":{"line":74,"column":28},"end":{"line":74,"column":72}},"35":{"start":{"line":75,"column":4},"end":{"line":77,"column":5}},"36":{"start":{"line":76,"column":6},"end":{"line":76,"column":70}},"37":{"start":{"line":79,"column":17},"end":{"line":79,"column":57}},"38":{"start":{"line":80,"column":4},"end":{"line":80,"column":86}},"39":{"start":{"line":80,"column":15},"end":{"line":80,"column":86}},"40":{"start":{"line":82,"column":18},"end":{"line":82,"column":43}},"41":{"start":{"line":83,"column":22},"end":{"line":83,"column":46}},"42":{"start":{"line":85,"column":4},"end":{"line":89,"column":7}},"43":{"start":{"line":91,"column":4},"end":{"line":91,"column":25}},"44":{"start":{"line":92,"column":4},"end":{"line":92,"column":58}},"45":{"start":{"line":97,"column":0},"end":{"line":125,"column":2}},"46":{"start":{"line":98,"column":2},"end":{"line":124,"column":3}},"47":{"start":{"line":99,"column":38},"end":{"line":99,"column":46}},"48":{"start":{"line":101,"column":21},"end":{"line":101,"column":61}},"49":{"start":{"line":102,"column":4},"end":{"line":104,"column":5}},"50":{"start":{"line":103,"column":6},"end":{"line":103,"column":78}},"51":{"start":{"line":107,"column":4},"end":{"line":112,"column":5}},"52":{"start":{"line":108,"column":6},"end":{"line":108,"column":52}},"53":{"start":{"line":110,"column":6},"end":{"line":110,"column":44}},"54":{"start":{"line":111,"column":6},"end":{"line":111,"column":83}},"55":{"start":{"line":114,"column":17},"end":{"line":118,"column":6}},"56":{"start":{"line":120,"column":4},"end":{"line":120,"column":80}},"57":{"start":{"line":122,"column":4},"end":{"line":122,"column":25}},"58":{"start":{"line":123,"column":4},"end":{"line":123,"column":68}},"59":{"start":{"line":128,"column":0},"end":{"line":138,"column":2}},"60":{"start":{"line":129,"column":2},"end":{"line":137,"column":3}},"61":{"start":{"line":130,"column":18},"end":{"line":132,"column":6}},"62":{"start":{"line":133,"column":4},"end":{"line":133,"column":20}},"63":{"start":{"line":135,"column":4},"end":{"line":135,"column":25}},"64":{"start":{"line":136,"column":4},"end":{"line":136,"column":64}},"65":{"start":{"line":141,"column":0},"end":{"line":159,"column":2}},"66":{"start":{"line":142,"column":2},"end":{"line":158,"column":3}},"67":{"start":{"line":143,"column":19},"end":{"line":143,"column":29}},"68":{"start":{"line":144,"column":21},"end":{"line":144,"column":29}},"69":{"start":{"line":146,"column":4},"end":{"line":148,"column":5}},"70":{"start":{"line":147,"column":6},"end":{"line":147,"column":63}},"71":{"start":{"line":150,"column":17},"end":{"line":150,"column":40}},"72":{"start":{"line":151,"column":4},"end":{"line":151,"column":74}},"73":{"start":{"line":151,"column":15},"end":{"line":151,"column":74}},"74":{"start":{"line":153,"column":4},"end":{"line":153,"column":32}},"75":{"start":{"line":154,"column":4},"end":{"line":154,"column":64}},"76":{"start":{"line":156,"column":4},"end":{"line":156,"column":25}},"77":{"start":{"line":157,"column":4},"end":{"line":157,"column":61}},"78":{"start":{"line":162,"column":0},"end":{"line":175,"column":2}},"79":{"start":{"line":163,"column":2},"end":{"line":174,"column":3}},"80":{"start":{"line":164,"column":19},"end":{"line":164,"column":29}},"81":{"start":{"line":166,"column":17},"end":{"line":166,"column":40}},"82":{"start":{"line":167,"column":4},"end":{"line":167,"column":74}},"83":{"start":{"line":167,"column":15},"end":{"line":167,"column":74}},"84":{"start":{"line":169,"column":4},"end":{"line":169,"column":25}},"85":{"start":{"line":170,"column":4},"end":{"line":170,"column":55}},"86":{"start":{"line":172,"column":4},"end":{"line":172,"column":25}},"87":{"start":{"line":173,"column":4},"end":{"line":173,"column":61}},"88":{"start":{"line":178,"column":0},"end":{"line":211,"column":2}},"89":{"start":{"line":179,"column":2},"end":{"line":210,"column":3}},"90":{"start":{"line":180,"column":17},"end":{"line":180,"column":25}},"91":{"start":{"line":181,"column":21},"end":{"line":181,"column":29}},"92":{"start":{"line":182,"column":22},"end":{"line":182,"column":24}},"93":{"start":{"line":184,"column":4},"end":{"line":186,"column":5}},"94":{"start":{"line":185,"column":6},"end":{"line":185,"column":37}},"95":{"start":{"line":188,"column":4},"end":{"line":191,"column":5}},"96
[...]
:188,"column":4},"end":{"line":191,"column":5}},"type":"if","locations":[{"start":{"line":188,"column":4},"end":{"line":191,"column":5}},{"start":{},"end":{}}],"line":188},"18":{"loc":{"start":{"line":222,"column":20},"end":{"line":222,"column":45}},"type":"binary-expr","locations":[{"start":{"line":222,"column":20},"end":{"line":222,"column":37}},{"start":{"line":222,"column":41},"end":{"line":222,"column":45}}],"line":222},"19":{"loc":{"start":{"line":253,"column":61},"end":{"line":253,"column":94}},"type":"cond-expr","locations":[{"start":{"line":253,"column":73},"end":{"line":253,"column":87}},{"start":{"line":253,"column":90},"end":{"line":253,"column":94}}],"line":253},"20":{"loc":{"start":{"line":266,"column":4},"end":{"line":266,"column":74}},"type":"if","locations":[{"start":{"line":266,"column":4},"end":{"line":266,"column":74}},{"start":{},"end":{}}],"line":266},"21":{"loc":{"start":{"line":280,"column":4},"end":{"line":280,"column":74}},"type":"if","locations":[{"start":{"line":280,"column":4},"end":{"line":280,"column":74}},{"start":{},"end":{}}],"line":280},"22":{"loc":{"start":{"line":284,"column":61},"end":{"line":284,"column":94}},"type":"cond-expr","locations":[{"start":{"line":284,"column":73},"end":{"line":284,"column":87}},{"start":{"line":284,"column":90},"end":{"line":284,"column":94}}],"line":284},"23":{"loc":{"start":{"line":296,"column":4},"end":{"line":296,"column":72}},"type":"if","locations":[{"start":{"line":296,"column":4},"end":{"line":296,"column":72}},{"start":{},"end":{}}],"line":296}},"s":{"0":0,"1":0,"2":0,"3":0,"4":0,"5":0,"6":0,"7":0,"8":0,"9":0,"10":0,"11":0,"12":0,"13":0,"14":0,"15":0,"16":0,"17":0,"18":0,"19":0,"20":0,"21":0,"22":0,"23":0,"24":0,"25":0,"26":0,"27":0,"28":0,"29":0,"30":0,"31":0,"32":0,"33":0,"34":0,"35":0,"36":0,"37":0,"38":0,"39":0,"40":0,"41":0,"42":0,"43":0,"44":0,"45":0,"46":0,"47":0,"48":0,"49":0,"50":0,"51":0,"52":0,"53":0,"54":0,"55":0,"56":0,"57":0,"58":0,"59":0,"60":0,"61":0,"62":0,"63":0,"64":0,"65":0,"66":0,"67":0,"68":0,"69":0,"70":0,"71":0,"72":0,"73":0,"74":0,"75":0,"76":0,"77":0,"78":0,"79":0,"80":0,"81":0,"82":0,"83":0,"84":0,"85":0,"86":0,"87":0,"88":0,"89":0,"90":0,"91":0,"92":0,"93":0,"94":0,"95":0,"96":0,"97":0,"98":0,"99":0,"100":0,"101":0,"102":0,"103":0,"104":0,"105":0,"106":0,"107":0,"108":0,"109":0,"110":0,"111":0,"112":0,"113":0,"114":0,"115":0,"116":0,"117":0,"118":0,"119":0,"120":0,"121":0,"122":0,"123":0,"124":0,"125":0,"126":0,"127":0,"128":0,"129":0,"130":0,"131":0,"132":0,"133":0,"134":0,"135":0,"136":0,"137":0,"138":0,"139":0,"140":0,"141":0,"142":0,"143":0,"144":0,"145":0,"146":0,"147":0,"148":0,"149":0,"150":0,"151":0,"152":0,"153":0,"154":0,"155":0,"156":0,"157":0},"f":{"0":0,"1":0,"2":0,"3":0,"4":0,"5":0,"6":0,"7":0,"8":0,"9":0,"10":0,"11":0,"12":0,"13":0,"14":0},"b":{"0":[0,0],"1":[0,0,0],"2":[0,0],"3":[0,0,0],"4":[0,0],"5":[0,0],"6":[0,0],"7":[0,0],"8":[0,0,0],"9":[0,0],"10":[0,0],"11":[0,0],"12":[0,0],"13":[0,0],"14":[0,0],"15":[0,0],"16":[0,0],"17":[0,0],"18":[0,0],"19":[0,0],"20":[0,0],"21":[0,0],"22":[0,0],"23":[0,0]}}
,"C:\\Users\\masu\\Documents\\proyecto awtc\\AWTC\\backend\\models\\category.js": {"path":"C:\\Users\\masu\\Documents\\proyecto awtc\\AWTC\\backend\\models\\category.js","statementMap":{"0":{"start":{"line":4,"column":4},"end":{"line":4,"column":24}},"1":{"start":{"line":5,"column":0},"end":{"line":25,"column":2}},"2":{"start":{"line":16,"column":2},"end":{"line":23,"column":5}},"3":{"start":{"line":24,"column":2},"end":{"line":24,"column":18}}},"fnMap":{"0":{"name":"(anonymous_0)","decl":{"start":{"line":5,"column":17},"end":{"line":5,"column":18}},"loc":{"start":{"line":5,"column":43},"end":{"line":25,"column":1}},"line":5},"1":{"name":"(anonymous_1)","decl":{"start":{"line":12,"column":4},"end":{"line":12,"column":5}},"loc":{"start":{"line":12,"column":29},"end":{"line":14,"column":5}},"line":12}},"branchMap":{},"s":{"0":5,"1":5,"2":5,"3":5},"f":{"0":5,"1":5},"b":{},"_coverageSchema":"1a1c01bbd47fc00a2c39e90264f33305004495a9","hash":"5f56c412aa54f71e5d7908386b405b0daa9d411b"}
,"C:\\Users\\masu\\Documents\\proyecto awtc\\AWTC\\backend\\models\\contact.js": {"path":"C:\\Users\\masu\\Documents\\proyecto awtc\\AWTC\\backend\\models\\contact.js","statementMap":{"0":{"start":{"line":2,"column":0},"end":{"line":32,"column":2}},"1":{"start":{"line":3,"column":18},"end":{"line":25,"column":8}},"2":{"start":{"line":27,"column":2},"end":{"line":29,"column":4}},"3":{"start":{"line":31,"column":2},"end":{"line":31,"column":17}}},"fnMap":{"0":{"name":"(anonymous_0)","decl":{"start":{"line":2,"column":17},"end":{"line":2,"column":18}},"loc":{"start":{"line":2,"column":43},"end":{"line":32,"column":1}},"line":2},"1":{"name":"(anonymous_1)","decl":{"start":{"line":27,"column":22},"end":{"line":27,"column":23}},"loc":{"start":{"line":27,"column":39},"end":{"line":29,"column":3}},"line":27}},"branchMap":{},"s":{"0":5,"1":10,"2":10,"3":10},"f":{"0":10,"1":5},"b":{},"_coverageSchema":"1a1c01bbd47fc00a2c39e90264f33305004495a9","hash":"305733d8519fd87e0ddb3e19dbe218efbd251598"}
,"C:\\Users\\masu\\Documents\\proyecto awtc\\AWTC\\backend\\models\\index.js": {"path":"C:\\Users\\masu\\Documents\\proyecto awtc\\AWTC\\backend\\models\\index.js","statementMap":{"0":{"start":{"line":3,"column":11},"end":{"line":3,"column":24}},"1":{"start":{"line":4,"column":13},"end":{"line":4,"column":28}},"2":{"start":{"line":5,"column":18},"end":{"line":5,"column":38}},"3":{"start":{"line":6,"column":16},"end":{"line":6,"column":34}},"4":{"start":{"line":7,"column":17},"end":{"line":7,"column":42}},"5":{"start":{"line":8,"column":12},"end":{"line":8,"column":49}},"6":{"start":{"line":10,"column":15},"end":{"line":10,"column":73}},"7":{"start":{"line":11,"column":11},"end":{"line":11,"column":13}},"8":{"start":{"line":15,"column":0},"end":{"line":19,"column":1}},"9":{"start":{"line":16,"column":2},"end":{"line":16,"column":74}},"10":{"start":{"line":18,"column":2},"end":{"line":18,"column":87}},"11":{"start":{"line":21,"column":0},"end":{"line":34,"column":5}},"12":{"start":{"line":24,"column":4},"end":{"line":29,"column":6}},"13":{"start":{"line":32,"column":18},"end":{"line":32,"column":85}},"14":{"start":{"line":33,"column":4},"end":{"line":33,"column":27}},"15":{"start":{"line":37,"column":0},"end":{"line":42,"column":1}},"16":{"start":{"line":38,"column":23},"end":{"line":38,"column":98}},"17":{"start":{"line":39,"column":2},"end":{"line":39,"column":39}},"18":{"start":{"line":45,"column":0},"end":{"line":50,"column":1}},"19":{"start":{"line":46,"column":19},"end":{"line":46,"column":101}},"20":{"start":{"line":47,"column":2},"end":{"line":47,"column":31}},"21":{"start":{"line":52,"column":0},"end":{"line":56,"column":3}},"22":{"start":{"line":53,"column":2},"end":{"line":55,"column":3}},"23":{"start":{"line":54,"column":4},"end":{"line":54,"column":32}},"24":{"start":{"line":59,"column":0},"end":{"line":66,"column":1}},"25":{"start":{"line":60,"column":2},"end":{"line":60,"column":131}},"26":{"start":{"line":61,"column":2},"end":{"line":61,"column":131}},"27":{"start":{"line":64,"column":2},"end":{"line":64,"column":81}},"28":{"start":{"line":65,"column":2},"end":{"line":65,"column":87}},"29":{"start":{"line":69,"column":0},"end":{"line":75,"column":1}},"30":{"start":{"line":71,"column":2},"end":{"line":71,"column":63}},"31":{"start":{"line":72,"column":2},"end":{"line":72,"column":69}},"32":{"start":{"line":73,"column":2},"end":{"line":73,"column":65}},"33":{"start":{"line":74,"column":2},"end":{"line":74,"column":71}},"34":{"start":{"line":78,"column":0},"end":{"line":81,"column":1}},"35":{"start":{"line":79,"column":2},"end":{"line":79,"column":80}},"36":{"start":{"line":80,"column":2},"end":{"line":80,"column":82}},"37":{"start":{"line":84,"column":0},"end":{"line":87,"column":1}},"38":{"start":{"line":85,"column":2},"end":{"line":85,"column":56}},"39":{"start":{"line":86,"column":2},"end":{"line":86,"column":70}},"40":{"start":{"line":89,"column":0},"end":{"line":89,"column":25}},"41":{"start":{"line":90,"column":0},"end":{"line":90,"column":25}},"42":{"start":{"line":92,"column":0},"end":{"line":92,"column":20}}},"fnMap":{"0":{"name":"(anonymous_0)","decl":{"start":{"line":23,"column":10},"end":{"line":23,"column":11}},"loc":{"start":{"line":23,"column":18},"end":{"line":30,"column":3}},"line":23},"1":{"name":"(anonymous_1)","decl":{"start":{"line":31,"column":11},"end":{"line":31,"column":12}},"loc":{"start":{"line":31,"column":19},"end":{"line":34,"column":3}},"line":31},"2":{"name":"(anonymous_2)","decl":{"start":{"line":52,"column":24},"end":{"line":52,"column":25}},"loc":{"start":{"line":52,"column":37},"end":{"line":56,"column":1}},"line":52}},"branchMap":{"0":{"loc":{"start":{"line":8,"column":12},"end":{"line":8,"column":49}},"type":"binary-expr","locations":[{"start":{"line":8,"column":12},"end":{"line":8,"column":32}},{"start":{"line":8,"column":36},"end":{"line":8,"column":49}}],"line":8},"1":{"loc":{"start":{"line":15,"column":0},"end":{"line":19,"column":1}},"type":"if","locations":[{"start":{"line":15,"column":0},"end":{"line":19,"column":1}},{"start":{"line":17,"column":7},"end":{"line":19,"column":1}}],"line":15},"2":{"loc":{"start":{"line":25,"column":6},"end":{"line":28,"column":37}},"type":"binary-expr","locations":[{"start":{"line":25,"column":6},"end":{"line":25,"column":29}},{"start":{"line":26,"column":6},"end":{"line":26,"column":23}},{"start":{"line":27,"column":6},"end":{"line":27,"column":30}},{"start":{"line":28,"column":6},"end":{"line":28,"column":37}}],"line":25},"3":{"loc":{"start":{"line":53,"column":2},"end":{"line":55,"column":3}},"type":"if","locations":[{"start":{"line":53,"column":2},"end":{"line":55,"column":3}},{"start":{},"end":{}}],"line":53},"4":{"loc":{"start":{"line":59,"column":0},"end":{"line":66,"column":1}},"type":"if","locations":[{"start":{"line":59,"column":0},"end":{"line":66,"column":1}},{"start":{},"end":{}}],"line":59},"5":{"loc":{"start":{"line":59,"column":4},"end":{"line":59,"column":43}},"type":"binary-expr","locations":[{"start":{"line":59,"column":4},"end":{"line":59,"column":11}},{"start":{"line":59,"column":15},"end":{"line":59,"column":25}},{"start":{"line":59,"column":29},"end":{"line":59,"column":43}}],"line":59},"6":{"loc":{"start":{"line":69,"column":0},"end":{"line":75,"column":1}},"type":"if","locations":[{"start":{"line":69,"column":0},"end":{"line":75,"column":1}},{"start":{},"end":{}}],"line":69},"7":{"loc":{"start":{"line":69,"column":4},"end":{"line":69,"column":64}},"type":"binary-expr","locations":[{"start":{"line":69,"column":4},"end":{"line":69,"column":11}},{"start":{"line":69,"column":15},"end":{"line":69,"column":25}},{"start":{"line":69,"column":29},"end":{"line":69,"column":43}},{"start":{"line":69,"column":47},"end":{"line":69,"column":64}}],"line":69},"8":{"loc":{"start":{"line":78,"column":0},"end":{"line":81,"column":1}},"type":"if","locations":[{"start":{"line":78,"column":0},"end":{"line":81,"column":1}},{"start":{},"end":{}}],"line":78},"9":{"loc":{"start":{"line":78,"column":4},"end":{"line":78,"column":29}},"type":"binary-expr","locations":[{"start":{"line":78,"column":4},"end":{"line":78,"column":15}},{"start":{"line":78,"column":19},"end":{"line":78,"column":29}}],"line":78},"10":{"loc":{"start":{"line":84,"column":0},"end":{"line":87,"column":1}},"type":"if","locations":[{"start":{"line":84,"column":0},"end":{"line":87,"column":1}},{"start":{},"end":{}}],"line":84},"11":{"loc":{"start":{"line":84,"column":4},"end":{"line":84,"column":25}},"type":"binary-expr","locations":[{"start":{"line":84,"column":4},"end":{"line":84,"column":11}},{"start":{"line":84,"column":15},"end":{"line":84,"column":25}}],"line":84}},"s":{"0":5,"1":5,"2":5,"3":5,"4":5,"5":5,"6":5,"7":5,"8":5,"9":0,"10":5,"11":5,"12":50,"13":45,"14":45,"15":5,"16":5,"17":5,"18":5,"19":5,"20":5,"21":5,"22":45,"23":45,"24":5,"25":5,"26":5,"27":5,"28":5,"29":5,"30":5,"31":5,"32":5,"33":5,"34":5,"35":5,"36":5,"37":5,"38":5,"39":5,"40":5,"41":5,"42":5},"f":{"0":50,"1":45,"2":45},"b":{"0":[5,0],"1":[0,5],"2":[50,50,45,45],"3":[45,0],"4":[5,0],"5":[5,5,5],"6":[5,0],"7":[5,5,5,5],"8":[5,0],"9":[5,5],"10":[5,0],"11":[5,5]},"_coverageSchema":"1a1c01bbd47fc00a2c39e90264f33305004495a9","hash":"bebe35d7ff1ca3aee77d6507f35876e124c29345"}
,"C:\\Users\\masu\\Documents\\proyecto awtc\\AWTC\\backend\\models\\message.js": {"path":"C:\\Users\\masu\\Documents\\proyecto awtc\\AWTC\\backend\\models\\message.js","statementMap":{"0":{"start":{"line":2,"column":18},"end":{"line":2,"column":38}},"1":{"start":{"line":4,"column":0},"end":{"line":69,"column":2}},"2":{"start":{"line":8,"column":6},"end":{"line":11,"column":9}},"3":{"start":{"line":14,"column":6},"end":{"line":17,"column":9}},"4":{"start":{"line":21,"column":2},"end":{"line":66,"column":5}},"5":{"start":{"line":68,"column":2},"end":{"line":68,"column":17}}},"fnMap":{"0":{"name":"(anonymous_0)","decl":{"start":{"line":4,"column":17},"end":{"line":4,"column":18}},"loc":{"start":{"line":4,"column":43},"end":{"line":69,"column":1}},"line":4},"1":{"name":"(anonymous_1)","decl":{"start":{"line":6,"column":4},"end":{"line":6,"column":5}},"loc":{"start":{"line":6,"column":29},"end":{"line":18,"column":5}},"line":6}},"branchMap":{},"s":{"0":5,"1":5,"2":5,"3":5,"4":5,"5":5},"f":{"0":5,"1":5},"b":{},"_coverageSchema":"1a1c01bbd47fc00a2c39e90264f33305004495a9","hash":"08905218ebf8aa6e7a2c68708ccfd55d18213e7a"}
,"C:\\Users\\masu\\Documents\\proyecto awtc\\AWTC\\backend\\models\\project.js": {"path":"C:\\Users\\masu\\Documents\\proyecto awtc\\AWTC\\backend\\models\\project.js","statementMap":{"0":{"start":{"line":4,"column":4},"end":{"line":4,"column":24}},"1":{"start":{"line":5,"column":22},"end":{"line":5,"column":34}},"2":{"start":{"line":6,"column":0},"end":{"line":32,"column":2}},"3":{"start":{"line":17,"column":2},"end":{"line":30,"column":5}},"4":{"start":{"line":31,"column":2},"end":{"line":31,"column":17}}},"fnMap":{"0":{"name":"(anonymous_0)","decl":{"start":{"line":6,"column":17},"end":{"line":6,"column":18}},"loc":{"start":{"line":6,"column":43},"end":{"line":32,"column":1}},"line":6},"1":{"name":"(anonymous_1)","decl":{"start":{"line":13,"column":4},"end":{"line":13,"column":5}},"loc":{"start":{"line":13,"column":29},"end":{"line":15,"column":5}},"line":13}},"branchMap":{},"s":{"0":5,"1":5,"2":5,"3":5,"4":5},"f":{"0":5,"1":5},"b":{},"_coverageSchema":"1a1c01bbd47fc00a2c39e90264f33305004495a9","hash":"25a08c9b2bda6889e5f8c691ab0732e38e6096ef"}
,"C:\\Users\\masu\\Documents\\proyecto awtc\\AWTC\\backend\\models\\reviews.js": {"path":"C:\\Users\\masu\\Documents\\proyecto awtc\\AWTC\\backend\\models\\reviews.js","statementMap":{"0":{"start":{"line":2,"column":18},"end":{"line":2,"column":38}},"1":{"start":{"line":4,"column":0},"end":{"line":26,"column":2}},"2":{"start":{"line":16,"column":2},"end":{"line":23,"column":5}},"3":{"start":{"line":25,"column":2},"end":{"line":25,"column":17}}},"fnMap":{"0":{"name":"(anonymous_0)","decl":{"start":{"line":4,"column":17},"end":{"line":4,"column":18}},"loc":{"start":{"line":4,"column":43},"end":{"line":26,"column":1}},"line":4},"1":{"name":"(anonymous_1)","decl":{"start":{"line":11,"column":4},"end":{"line":11,"column":5}},"loc":{"start":{"line":11,"column":29},"end":{"line":13,"column":5}},"line":11}},"branchMap":{},"s":{"0":5,"1":5,"2":5,"3":5},"f":{"0":5,"1":5},"b":{},"_coverageSchema":"1a1c01bbd47fc00a2c39e90264f33305004495a9","hash":"31709fb969bea4f7b68df1ff313865137e194cb0"}
,"C:\\Users\\masu\\Documents\\proyecto awtc\\AWTC\\backend\\models\\subscription.js": {"path":"C:\\Users\\masu\\Documents\\proyecto awtc\\AWTC\\backend\\models\\subscription.js","statementMap":{"0":{"start":{"line":2,"column":18},"end":{"line":2,"column":38}},"1":{"start":{"line":4,"column":0},"end":{"line":59,"column":2}},"2":{"start":{"line":8,"column":6},"end":{"line":11,"column":9}},"3":{"start":{"line":15,"column":2},"end":{"line":56,"column":5}},"4":{"start":{"line":58,"column":2},"end":{"line":58,"column":22}}},"fnMap":{"0":{"name":"(anonymous_0)","decl":{"start":{"line":4,"column":17},"end":{"line":4,"column":18}},"loc":{"start":{"line":4,"column":43},"end":{"line":59,"column":1}},"line":4},"1":{"name":"(anonymous_1)","decl":{"start":{"line":6,"column":4},"end":{"line":6,"column":5}},"loc":{"start":{"line":6,"column":29},"end":{"line":12,"column":5}},"line":6}},"branchMap":{},"s":{"0":5,"1":5,"2":5,"3":5,"4":5},"f":{"0":5,"1":5},"b":{},"_coverageSchema":"1a1c01bbd47fc00a2c39e90264f33305004495a9","hash":"56d64842c0bff9a62fb8ccfb63593528a46e25a4"}
,"C:\\Users\\masu\\Documents\\proyecto awtc\\AWTC\\backend\\models\\user.js": {"path":"C:\\Users\\masu\\Documents\\proyecto awtc\\AWTC\\backend\\models\\user.js","statementMap":{"0":{"start":{"line":1,"column":15},"end":{"line":1,"column":32}},"1":{"start":{"line":3,"column":0},"end":{"line":35,"column":2}},"2":{"start":{"line":4,"column":15},"end":{"line":26,"column":4}},"3":{"start":{"line":27,"column":2},"end":{"line":32,"column":4}},"4":{"start":{"line":28,"column":4},"end":{"line":31,"column":7}},"5":{"start":{"line":34,"column":2},"end":{"line":34,"column":14}}},"fnMap":{"0":{"name":"(anonymous_0)","decl":{"start":{"line":3,"column":17},"end":{"line":3,"column":18}},"loc":{"start":{"line":3,"column":43},"end":{"line":35,"column":1}},"line":3},"1":{"name":"(anonymous_1)","decl":{"start":{"line":27,"column":19},"end":{"line":27,"column":20}},"loc":{"start":{"line":27,"column":31},"end":{"line":32,"column":3}},"line":27}},"branchMap":{},"s":{"0":5,"1":5,"2":5,"3":5,"4":5,"5":5},"f":{"0":5,"1":5},"b":{},"_coverageSchema":"1a1c01bbd47fc00a2c39e90264f33305004495a9","hash":"d1e045503b9a2670b988706d5fa05cb9301b4e78"}
,"C:\\Users\\masu\\Documents\\proyecto awtc\\AWTC\\backend\\models\\userproject.js": {"path":"C:\\Users\\masu\\Documents\\proyecto awtc\\AWTC\\backend\\models\\userproject.js","statementMap":{"0":{"start":{"line":2,"column":0},"end":{"line":22,"column":2}},"1":{"start":{"line":3,"column":22},"end":{"line":13,"column":8}},"2":{"start":{"line":15,"column":2},"end":{"line":19,"column":4}},"3":{"start":{"line":17,"column":4},"end":{"line":17,"column":86}},"4":{"start":{"line":18,"column":4},"end":{"line":18,"column":92}},"5":{"start":{"line":21,"column":2},"end":{"line":21,"column":21}}},"fnMap":{"0":{"name":"(anonymous_0)","decl":{"start":{"line":2,"column":17},"end":{"line":2,"column":18}},"loc":{"start":{"line":2,"column":43},"end":{"line":22,"column":1}},"line":2},"1":{"name":"(anonymous_1)","decl":{"start":{"line":15,"column":26},"end":{"line":15,"column":27}},"loc":{"start":{"line":15,"column":43},"end":{"line":19,"column":3}},"line":15}},"branchMap":{},"s":{"0":5,"1":5,"2":5,"3":5,"4":5,"5":5},"f":{"0":5,"1":5},"b":{},"_coverageSchema":"1a1c01bbd47fc00a2c39e90264f33305004495a9","hash":"7a52445a99d8f09b4d212be28285903aa64590ea"}
,"C:\\Users\\masu\\Documents\\proyecto awtc\\AWTC\\backend\\models\\userprojectban.js": {"path":"C:\\Users\\masu\\Documents\\proyecto awtc\\AWTC\\backend\\models\\userprojectban.js","statementMap":{"0":{"start":{"line":2,"column":0},"end":{"line":25,"column":2}},"1":{"start":{"line":3,"column":25},"end":{"line":16,"column":8}},"2":{"start":{"line":18,"column":2},"end":{"line":22,"column":4}},"3":{"start":{"line":20,"column":4},"end":{"line":20,"column":68}},"4":{"start":{"line":21,"column":4},"end":{"line":21,"column":74}},"5":{"start":{"line":24,"column":2},"end":{"line":24,"column":24}}},"fnMap":{"0":{"name":"(anonymous_0)","decl":{"start":{"line":2,"column":17},"end":{"line":2,"column":18}},"loc":{"start":{"line":2,"column":43},"end":{"line":25,"column":1}},"line":2},"1":{"name":"(anonymous_1)","decl":{"start":{"line":18,"column":29},"end":{"line":18,"column":30}},"loc":{"start":{"line":18,"column":46},"end":{"line":22,"column":3}},"line":18}},"branchMap":{},"s":{"0":5,"1":10,"2":10,"3":5,"4":5,"5":10},"f":{"0":10,"1":5},"b":{},"_coverageSchema":"1a1c01bbd47fc00a2c39e90264f33305004495a9","hash":"e6b7cb556e3598ba7f19ad6ddcd7101fbaff3441"}
}
