TN:
SF:controllers\category.controller.js
FN:4,(anonymous_0)
FN:14,(anonymous_1)
FN:24,(anonymous_2)
FN:37,(anonymous_3)
FNF:4
FNH:4
FNDA:1,(anonymous_0)
FNDA:1,(anonymous_1)
FNDA:2,(anonymous_2)
FNDA:1,(anonymous_3)
DA:1,1
DA:4,1
DA:5,1
DA:6,1
DA:7,1
DA:9,0
DA:14,1
DA:15,1
DA:16,1
DA:17,1
DA:19,0
DA:24,1
DA:25,2
DA:26,2
DA:27,2
DA:29,1
DA:30,1
DA:32,0
DA:37,1
DA:38,1
DA:39,1
DA:40,1
DA:42,1
DA:43,1
DA:45,0
LF:25
LH:21
BRDA:27,0,0,1
BRDA:27,0,1,1
BRDA:40,1,0,0
BRDA:40,1,1,1
BRF:4
BRH:3
end_of_record
TN:
SF:controllers\contact.controller.js
FN:5,(anonymous_0)
FN:18,(anonymous_1)
FN:28,(anonymous_2)
FN:39,(anonymous_3)
FN:51,(anonymous_4)
FNF:5
FNH:4
FNDA:1,(anonymous_0)
FNDA:1,(anonymous_1)
FNDA:2,(anonymous_2)
FNDA:0,(anonymous_3)
FNDA:1,(anonymous_4)
DA:1,1
DA:3,1
DA:5,1
DA:6,1
DA:7,1
DA:8,1
DA:10,1
DA:11,1
DA:13,0
DA:14,0
DA:18,1
DA:19,1
DA:20,1
DA:21,1
DA:23,0
DA:24,0
DA:28,1
DA:29,2
DA:30,2
DA:31,2
DA:32,1
DA:34,0
DA:35,0
DA:39,1
DA:40,0
DA:41,0
DA:42,0
DA:43,0
DA:44,0
DA:46,0
DA:47,0
DA:51,1
DA:52,1
DA:53,1
DA:54,1
DA:55,1
DA:56,1
DA:58,0
DA:59,0
LF:39
LH:24
BRDA:8,0,0,0
BRDA:8,0,1,1
BRDA:8,1,0,1
BRDA:8,1,1,1
BRDA:8,1,2,1
BRDA:31,2,0,1
BRDA:31,2,1,1
BRDA:42,3,0,0
BRDA:42,3,1,0
BRDA:54,4,0,0
BRDA:54,4,1,1
BRF:11
BRH:7
end_of_record
TN:
SF:controllers\external.controller.js
FN:8,(anonymous_0)
FNF:1
FNH:0
FNDA:0,(anonymous_0)
DA:1,0
DA:2,0
DA:4,0
DA:8,0
DA:9,0
DA:10,0
DA:17,0
DA:19,0
DA:20,0
LF:9
LH:0
BRF:0
BRH:0
end_of_record
TN:
SF:controllers\message.controller.js
FN:18,(anonymous_0)
FN:40,(anonymous_1)
FN:66,(anonymous_2)
FN:95,(anonymous_3)
FN:143,(anonymous_4)
FN:183,(anonymous_5)
FN:215,(anonymous_6)
FN:230,(anonymous_7)
FNF:8
FNH:4
FNDA:1,(anonymous_0)
FNDA:0,(anonymous_1)
FNDA:0,(anonymous_2)
FNDA:1,(anonymous_3)
FNDA:0,(anonymous_4)
FNDA:1,(anonymous_5)
FNDA:1,(anonymous_6)
FNDA:0,(anonymous_7)
DA:1,1
DA:2,1
DA:18,1
DA:19,1
DA:20,1
DA:23,0
DA:38,0
DA:40,0
DA:41,0
DA:42,0
DA:44,0
DA:45,0
DA:58,0
DA:59,0
DA:63,0
DA:66,0
DA:68,0
DA:70,1
DA:71,1
DA:95,1
DA:96,1
DA:97,1
DA:98,0
DA:100,0
DA:114,0
DA:116,1
DA:117,1
DA:143,1
DA:144,0
DA:145,0
DA:146,0
DA:148,0
DA:150,0
DA:151,0
DA:155,0
DA:156,0
DA:159,0
DA:160,0
DA:162,0
DA:164,0
DA:165,0
DA:183,1
DA:184,1
DA:185,1
DA:187,0
DA:194,0
DA:196,1
DA:197,1
DA:215,1
DA:216,1
DA:217,1
DA:220,0
DA:230,0
DA:238,0
DA:240,1
DA:241,1
LF:56
LH:23
BRDA:41,0,0,0
BRDA:41,0,1,0
BRDA:42,1,0,0
BRDA:42,1,1,0
BRDA:44,2,0,0
BRDA:44,2,1,0
BRDA:50,3,0,0
BRDA:50,3,1,0
BRDA:58,4,0,0
BRDA:58,4,1,0
BRDA:58,5,0,0
BRDA:58,5,1,0
BRDA:150,6,0,0
BRDA:150,6,1,0
BRDA:155,7,0,0
BRDA:155,7,1,0
BRDA:235,8,0,0
BRDA:235,8,1,0
BRF:18
BRH:0
end_of_record
TN:
SF:controllers\project.controller.js
FN:9,(anonymous_0)
FN:39,(anonymous_1)
FN:54,(anonymous_2)
FN:59,(anonymous_3)
FN:73,(anonymous_4)
FN:117,(anonymous_5)
FN:135,(anonymous_6)
FN:140,(anonymous_7)
FN:141,(anonymous_8)
FN:147,(anonymous_9)
FN:148,(anonymous_10)
FN:173,(anonymous_11)
FN:186,(anonymous_12)
FN:240,(anonymous_13)
FN:255,(anonymous_14)
FN:270,(anonymous_15)
FN:316,(anonymous_16)
FN:354,(anonymous_17)
FN:393,(anonymous_18)
FNF:19
FNH:6
FNDA:1,(anonymous_0)
FNDA:2,(anonymous_1)
FNDA:10,(anonymous_2)
FNDA:11,(anonymous_3)
FNDA:1,(anonymous_4)
FNDA:0,(anonymous_5)
FNDA:0,(anonymous_6)
FNDA:0,(anonymous_7)
FNDA:0,(anonymous_8)
FNDA:0,(anonymous_9)
FNDA:0,(anonymous_10)
FNDA:1,(anonymous_11)
FNDA:0,(anonymous_12)
FNDA:0,(anonymous_13)
FNDA:0,(anonymous_14)
FNDA:0,(anonymous_15)
FNDA:0,(anonymous_16)
FNDA:0,(anonymous_17)
FNDA:0,(anonymous_18)
DA:1,1
DA:2,1
DA:3,1
DA:4,1
DA:5,1
DA:6,1
DA:9,1
DA:10,1
DA:11,1
DA:12,1
DA:14,1
DA:26,1
DA:29,1
DA:30,1
DA:32,0
DA:33,0
DA:34,0
DA:39,1
DA:40,2
DA:41,2
DA:46,2
DA:53,2
DA:54,2
DA:55,10
DA:59,2
DA:60,11
DA:61,11
DA:62,11
DA:65,2
DA:67,0
DA:68,0
DA:73,1
DA:74,1
DA:75,1
DA:76,1
DA:78,1
DA:80,1
DA:91,1
DA:92,0
DA:95,1
DA:96,0
DA:100,1
DA:101,1
DA:103,1
DA:106,1
DA:107,0
DA:108,0
DA:110,0
DA:117,0
DA:118,0
DA:120,0
DA:121,0
DA:132,0
DA:135,0
DA:136,0
DA:139,0
DA:140,0
DA:141,0
DA:143,0
DA:145,0
DA:146,0
DA:147,0
DA:148,0
DA:149,0
DA:152,0
DA:155,0
DA:156,0
DA:159,1
DA:163,1
DA:164,1
DA:166,0
DA:167,0
DA:173,1
DA:174,1
DA:175,1
DA:176,1
DA:178,1
DA:179,1
DA:181,0
DA:186,1
DA:187,0
DA:188,0
DA:189,0
DA:191,0
DA:192,0
DA:194,0
DA:197,0
DA:198,0
DA:201,0
DA:205,0
DA:206,0
DA:210,0
DA:215,0
DA:218,0
DA:219,0
DA:220,0
DA:221,0
DA:226,0
DA:228,0
DA:232,0
DA:234,0
DA:235,0
DA:240,1
DA:241,0
DA:242,0
DA:243,0
DA:244,0
DA:247,0
DA:249,0
DA:250,0
DA:255,1
DA:256,0
DA:257,0
DA:258,0
DA:259,0
DA:260,0
DA:261,0
DA:262,0
DA:264,0
DA:265,0
DA:270,1
DA:271,0
DA:272,0
DA:273,0
DA:274,0
DA:275,0
DA:278,0
DA:279,0
DA:282,0
DA:286,0
DA:287,0
DA:290,0
DA:291,0
DA:294,0
DA:295,0
DA:296,0
DA:297,0
DA:302,0
DA:304,0
DA:308,0
DA:310,0
DA:311,0
DA:316,1
DA:317,0
DA:318,0
DA:319,0
DA:320,0
DA:321,0
DA:323,0
DA:325,0
DA:327,0
DA:330,0
DA:331,0
DA:334,0
DA:335,0
DA:340,0
DA:342,0
DA:346,0
DA:348,0
DA:349,0
DA:354,1
DA:355,0
DA:356,0
DA:357,0
DA:358,0
DA:359,0
DA:360,0
DA:362,0
DA:364,0
DA:366,0
DA:369,0
DA:370,0
DA:373,0
DA:374,0
DA:379,0
DA:381,0
DA:385,0
DA:387,0
DA:388,0
DA:393,1
DA:394,0
DA:395,0
DA:396,0
DA:397,0
DA:398,0
DA:399,0
DA:400,0
DA:402,0
DA:403,0
LF:189
LH:54
BRDA:12,0,0,0
BRDA:12,0,1,1
BRDA:61,1,0,11
BRDA:61,1,1,1
BRDA:76,2,0,0
BRDA:76,2,1,1
BRDA:91,3,0,0
BRDA:91,3,1,1
BRDA:95,4,0,0
BRDA:95,4,1,1
BRDA:95,5,0,1
BRDA:95,5,1,0
BRDA:106,6,0,0
BRDA:106,6,1,1
BRDA:106,7,0,1
BRDA:106,7,1,1
BRDA:106,7,2,1
BRDA:120,8,0,0
BRDA:120,8,1,0
BRDA:140,9,0,0
BRDA:140,9,1,0
BRDA:141,10,0,0
BRDA:141,10,1,0
BRDA:145,11,0,0
BRDA:145,11,1,0
BRDA:147,12,0,0
BRDA:147,12,1,0
BRDA:176,13,0,0
BRDA:176,13,1,1
BRDA:189,14,0,0
BRDA:189,14,1,0
BRDA:192,15,0,0
BRDA:192,15,1,0
BRDA:198,16,0,0
BRDA:198,16,1,0
BRDA:205,17,0,0
BRDA:205,17,1,0
BRDA:215,18,0,0
BRDA:215,18,1,0
BRDA:244,19,0,0
BRDA:244,19,1,0
BRDA:247,20,0,0
BRDA:247,20,1,0
BRDA:260,21,0,0
BRDA:260,21,1,0
BRDA:275,22,0,0
BRDA:275,22,1,0
BRDA:279,23,0,0
BRDA:279,23,1,0
BRDA:286,24,0,0
BRDA:286,24,1,0
BRDA:291,25,0,0
BRDA:291,25,1,0
BRDA:321,26,0,0
BRDA:321,26,1,0
BRDA:357,27,0,0
BRDA:357,27,1,0
BRDA:360,28,0,0
BRDA:360,28,1,0
BRDA:398,29,0,0
BRDA:398,29,1,0
BRF:61
BRH:12
end_of_record
TN:
SF:controllers\reviews.controller.js
FN:7,(anonymous_0)
FN:52,(anonymous_1)
FN:64,(anonymous_2)
FN:113,(anonymous_3)
FNF:4
FNH:4
FNDA:1,(anonymous_0)
FNDA:1,(anonymous_1)
FNDA:1,(anonymous_2)
FNDA:2,(anonymous_3)
DA:1,1
DA:2,1
DA:3,1
DA:4,1
DA:5,1
DA:7,1
DA:8,1
DA:9,1
DA:10,1
DA:13,0
DA:15,0
DA:17,0
DA:24,0
DA:31,0
DA:32,0
DA:40,0
DA:42,0
DA:45,0
DA:47,0
DA:48,0
DA:52,1
DA:53,1
DA:54,1
DA:58,1
DA:60,0
DA:64,1
DA:65,1
DA:66,1
DA:68,0
DA:69,0
DA:71,0
DA:72,0
DA:74,0
DA:75,0
DA:78,0
DA:83,0
DA:84,0
DA:85,0
DA:86,0
DA:88,0
DA:91,0
DA:94,0
DA:95,0
DA:101,0
DA:103,0
DA:106,0
DA:108,0
DA:109,0
DA:113,1
DA:114,2
DA:115,2
DA:117,1
DA:118,1
DA:120,1
DA:122,0
DA:123,0
DA:126,0
DA:127,0
DA:130,0
DA:131,0
DA:132,0
DA:133,0
DA:137,0
DA:138,0
DA:139,0
DA:143,0
DA:146,0
DA:148,0
DA:149,0
DA:150,0
DA:152,0
DA:156,0
DA:167,0
DA:168,0
DA:169,0
DA:171,0
DA:175,0
DA:177,0
DA:178,0
LF:79
LH:22
BRDA:9,0,0,1
BRDA:9,0,1,0
BRDA:15,1,0,0
BRDA:15,1,1,0
BRDA:36,2,0,0
BRDA:36,2,1,0
BRDA:66,3,0,1
BRDA:66,3,1,0
BRDA:72,4,0,0
BRDA:72,4,1,0
BRDA:74,5,0,0
BRDA:74,5,1,0
BRDA:83,6,0,0
BRDA:83,6,1,0
BRDA:84,7,0,0
BRDA:84,7,1,0
BRDA:86,8,0,0
BRDA:86,8,1,0
BRDA:99,9,0,0
BRDA:99,9,1,0
BRDA:115,10,0,1
BRDA:115,10,1,1
BRDA:120,11,0,1
BRDA:120,11,1,0
BRDA:126,12,0,0
BRDA:126,12,1,0
BRDA:126,13,0,0
BRDA:126,13,1,0
BRDA:130,14,0,0
BRDA:130,14,1,0
BRDA:132,15,0,0
BRDA:132,15,1,0
BRDA:139,16,0,0
BRDA:139,16,1,0
BRDA:140,17,0,0
BRDA:140,17,1,0
BRDA:146,18,0,0
BRDA:146,18,1,0
BRDA:146,19,0,0
BRDA:146,19,1,0
BRF:40
BRH:5
end_of_record
TN:
SF:controllers\session.controller.js
FN:8,(anonymous_0)
FN:15,(anonymous_1)
FN:53,(anonymous_2)
FN:55,(anonymous_3)
FNF:4
FNH:0
FNDA:0,(anonymous_0)
FNDA:0,(anonymous_1)
FNDA:0,(anonymous_2)
FNDA:0,(anonymous_3)
DA:1,0
DA:2,0
DA:3,0
DA:5,0
DA:8,0
DA:10,0
DA:11,0
DA:15,0
DA:16,0
DA:17,0
DA:18,0
DA:19,0
DA:20,0
DA:24,0
DA:25,0
DA:26,0
DA:27,0
DA:31,0
DA:32,0
DA:33,0
DA:34,0
DA:38,0
DA:39,0
DA:41,0
DA:44,0
DA:46,0
DA:47,0
DA:48,0
DA:53,0
DA:54,0
DA:55,0
DA:56,0
DA:57,0
DA:60,0
DA:61,0
LF:35
LH:0
BRDA:5,0,0,0
BRDA:5,0,1,0
BRDA:10,1,0,0
BRDA:10,1,1,0
BRDA:17,2,0,0
BRDA:17,2,1,0
BRDA:18,3,0,0
BRDA:18,3,1,0
BRDA:18,4,0,0
BRDA:18,4,1,0
BRDA:19,5,0,0
BRDA:19,5,1,0
BRDA:20,6,0,0
BRDA:20,6,1,0
BRDA:25,7,0,0
BRDA:25,7,1,0
BRDA:32,8,0,0
BRDA:32,8,1,0
BRDA:48,9,0,0
BRDA:48,9,1,0
BRDA:48,9,2,0
BRDA:56,10,0,0
BRDA:56,10,1,0
BRF:23
BRH:0
end_of_record
TN:
SF:controllers\subscription.controller.js
FN:17,(anonymous_0)
FN:83,(anonymous_1)
FN:124,(anonymous_2)
FN:151,(anonymous_3)
FNF:4
FNH:0
FNDA:0,(anonymous_0)
FNDA:0,(anonymous_1)
FNDA:0,(anonymous_2)
FNDA:0,(anonymous_3)
DA:1,2
DA:2,2
DA:3,2
DA:6,2
DA:17,2
DA:18,0
DA:19,0
DA:22,0
DA:23,0
DA:24,0
DA:29,0
DA:30,0
DA:33,0
DA:34,0
DA:35,0
DA:41,0
DA:45,0
DA:47,0
DA:48,0
DA:49,0
DA:51,0
DA:58,0
DA:65,0
DA:70,0
DA:71,0
DA:83,2
DA:84,0
DA:85,0
DA:86,0
DA:88,0
DA:89,0
DA:94,0
DA:101,0
DA:102,0
DA:106,0
DA:111,0
DA:112,0
DA:124,2
DA:125,0
DA:126,0
DA:128,0
DA:133,0
DA:137,0
DA:138,0
DA:151,2
DA:152,0
DA:153,0
DA:156,0
DA:160,0
DA:162,0
DA:163,0
DA:169,0
DA:176,0
DA:177,0
DA:178,0
DA:183,0
DA:188,0
DA:189,0
DA:191,0
DA:192,0
DA:193,0
DA:196,0
DA:197,0
DA:198,0
DA:203,0
DA:205,0
DA:210,0
DA:211,0
DA:223,2
LF:69
LH:9
BRDA:7,0,0,2
BRDA:7,0,1,0
BRDA:22,1,0,0
BRDA:22,1,1,0
BRDA:22,2,0,0
BRDA:22,2,1,0
BRDA:33,3,0,0
BRDA:33,3,1,0
BRDA:33,4,0,0
BRDA:33,4,1,0
BRDA:33,4,2,0
BRDA:33,4,3,0
BRDA:45,5,0,0
BRDA:45,5,1,0
BRDA:47,6,0,0
BRDA:47,6,1,0
BRDA:61,7,0,0
BRDA:61,7,1,0
BRDA:88,8,0,0
BRDA:88,8,1,0
BRDA:101,9,0,0
BRDA:101,9,1,0
BRDA:162,10,0,0
BRDA:162,10,1,0
BRDA:196,11,0,0
BRDA:196,11,1,0
BRF:26
BRH:1
end_of_record
TN:
SF:controllers\user.controller.js
FN:6,(anonymous_0)
FN:52,(anonymous_1)
FN:97,(anonymous_2)
FN:128,(anonymous_3)
FN:141,(anonymous_4)
FN:162,(anonymous_5)
FN:178,(anonymous_6)
FN:213,(anonymous_7)
FN:233,(anonymous_8)
FN:245,(anonymous_9)
FN:253,(anonymous_10)
FN:262,(anonymous_11)
FN:276,(anonymous_12)
FN:284,(anonymous_13)
FN:293,(anonymous_14)
FNF:15
FNH:0
FNDA:0,(anonymous_0)
FNDA:0,(anonymous_1)
FNDA:0,(anonymous_2)
FNDA:0,(anonymous_3)
FNDA:0,(anonymous_4)
FNDA:0,(anonymous_5)
FNDA:0,(anonymous_6)
FNDA:0,(anonymous_7)
FNDA:0,(anonymous_8)
FNDA:0,(anonymous_9)
FNDA:0,(anonymous_10)
FNDA:0,(anonymous_11)
FNDA:0,(anonymous_12)
FNDA:0,(anonymous_13)
FNDA:0,(anonymous_14)
DA:1,0
DA:2,0
DA:3,0
DA:6,0
DA:7,0
DA:9,0
DA:10,0
DA:11,0
DA:14,0
DA:15,0
DA:18,0
DA:19,0
DA:20,0
DA:24,0
DA:25,0
DA:27,0
DA:28,0
DA:31,0
DA:37,0
DA:38,0
DA:40,0
DA:46,0
DA:47,0
DA:52,0
DA:53,0
DA:57,0
DA:58,0
DA:59,0
DA:60,0
DA:61,0
DA:64,0
DA:65,0
DA:66,0
DA:70,0
DA:74,0
DA:75,0
DA:76,0
DA:79,0
DA:80,0
DA:82,0
DA:83,0
DA:85,0
DA:91,0
DA:92,0
DA:97,0
DA:98,0
DA:99,0
DA:101,0
DA:102,0
DA:103,0
DA:107,0
DA:108,0
DA:110,0
DA:111,0
DA:114,0
DA:120,0
DA:122,0
DA:123,0
DA:128,0
DA:129,0
DA:130,0
DA:133,0
DA:135,0
DA:136,0
DA:141,0
DA:142,0
DA:143,0
DA:144,0
DA:146,0
DA:147,0
DA:150,0
DA:151,0
DA:153,0
DA:154,0
DA:156,0
DA:157,0
DA:162,0
DA:163,0
DA:164,0
DA:166,0
DA:167,0
DA:169,0
DA:170,0
DA:172,0
DA:173,0
DA:178,0
DA:179,0
DA:180,0
DA:181,0
DA:182,0
DA:184,0
DA:185,0
DA:188,0
DA:190,0
DA:193,0
DA:195,0
DA:203,0
DA:208,0
DA:209,0
DA:213,0
DA:214,0
DA:215,0
DA:217,0
DA:225,0
DA:227,0
DA:228,0
DA:233,0
DA:234,0
DA:235,0
DA:236,0
DA:237,0
DA:239,0
DA:240,0
DA:245,0
DA:246,0
DA:247,0
DA:248,0
DA:249,0
DA:253,0
DA:254,0
DA:256,0
DA:257,0
DA:262,0
DA:263,0
DA:264,0
DA:265,0
DA:266,0
DA:267,0
DA:268,0
DA:270,0
DA:271,0
DA:276,0
DA:277,0
DA:278,0
DA:279,0
DA:280,0
DA:282,0
DA:283,0
DA:284,0
DA:285,0
DA:287,0
DA:288,0
DA:293,0
DA:294,0
DA:295,0
DA:296,0
DA:299,0
DA:300,0
DA:302,0
DA:303,0
LF:150
LH:0
BRDA:10,0,0,0
BRDA:10,0,1,0
BRDA:10,1,0,0
BRDA:10,1,1,0
BRDA:10,1,2,0
BRDA:14,2,0,0
BRDA:14,2,1,0
BRDA:14,3,0,0
BRDA:14,3,1,0
BRDA:14,3,2,0
BRDA:19,4,0,0
BRDA:19,4,1,0
BRDA:58,5,0,0
BRDA:58,5,1,0
BRDA:58,6,0,0
BRDA:58,6,1,0
BRDA:64,7,0,0
BRDA:64,7,1,0
BRDA:64,8,0,0
BRDA:64,8,1,0
BRDA:64,8,2,0
BRDA:75,9,0,0
BRDA:75,9,1,0
BRDA:80,10,0,0
BRDA:80,10,1,0
BRDA:102,11,0,0
BRDA:102,11,1,0
BRDA:146,12,0,0
BRDA:146,12,1,0
BRDA:151,13,0,0
BRDA:151,13,1,0
BRDA:167,14,0,0
BRDA:167,14,1,0
BRDA:184,15,0,0
BRDA:184,15,1,0
BRDA:184,16,0,0
BRDA:184,16,1,0
BRDA:188,17,0,0
BRDA:188,17,1,0
BRDA:222,18,0,0
BRDA:222,18,1,0
BRDA:253,19,0,0
BRDA:253,19,1,0
BRDA:266,20,0,0
BRDA:266,20,1,0
BRDA:280,21,0,0
BRDA:280,21,1,0
BRDA:284,22,0,0
BRDA:284,22,1,0
BRDA:296,23,0,0
BRDA:296,23,1,0
BRF:51
BRH:0
end_of_record
TN:
SF:models\category.js
FN:5,(anonymous_0)
FN:12,(anonymous_1)
FNF:2
FNH:2
FNDA:5,(anonymous_0)
FNDA:5,(anonymous_1)
DA:4,5
DA:5,5
DA:16,5
DA:24,5
LF:4
LH:4
BRF:0
BRH:0
end_of_record
TN:
SF:models\contact.js
FN:2,(anonymous_0)
FN:27,(anonymous_1)
FNF:2
FNH:2
FNDA:10,(anonymous_0)
FNDA:5,(anonymous_1)
DA:2,5
DA:3,10
DA:27,10
DA:31,10
LF:4
LH:4
BRF:0
BRH:0
end_of_record
TN:
SF:models\index.js
FN:23,(anonymous_0)
FN:31,(anonymous_1)
FN:52,(anonymous_2)
FNF:3
FNH:3
FNDA:50,(anonymous_0)
FNDA:45,(anonymous_1)
FNDA:45,(anonymous_2)
DA:3,5
DA:4,5
DA:5,5
DA:6,5
DA:7,5
DA:8,5
DA:10,5
DA:11,5
DA:15,5
DA:16,0
DA:18,5
DA:21,5
DA:24,50
DA:32,45
DA:33,45
DA:37,5
DA:38,5
DA:39,5
DA:45,5
DA:46,5
DA:47,5
DA:52,5
DA:53,45
DA:54,45
DA:59,5
DA:60,5
DA:61,5
DA:64,5
DA:65,5
DA:69,5
DA:71,5
DA:72,5
DA:73,5
DA:74,5
DA:78,5
DA:79,5
DA:80,5
DA:84,5
DA:85,5
DA:86,5
DA:89,5
DA:90,5
DA:92,5
LF:43
LH:42
BRDA:8,0,0,5
BRDA:8,0,1,0
BRDA:15,1,0,0
BRDA:15,1,1,5
BRDA:25,2,0,50
BRDA:25,2,1,50
BRDA:25,2,2,45
BRDA:25,2,3,45
BRDA:53,3,0,45
BRDA:53,3,1,0
BRDA:59,4,0,5
BRDA:59,4,1,0
BRDA:59,5,0,5
BRDA:59,5,1,5
BRDA:59,5,2,5
BRDA:69,6,0,5
BRDA:69,6,1,0
BRDA:69,7,0,5
BRDA:69,7,1,5
BRDA:69,7,2,5
BRDA:69,7,3,5
BRDA:78,8,0,5
BRDA:78,8,1,0
BRDA:78,9,0,5
BRDA:78,9,1,5
BRDA:84,10,0,5
BRDA:84,10,1,0
BRDA:84,11,0,5
BRDA:84,11,1,5
BRF:29
BRH:22
end_of_record
TN:
SF:models\message.js
FN:4,(anonymous_0)
FN:6,(anonymous_1)
FNF:2
FNH:2
FNDA:5,(anonymous_0)
FNDA:5,(anonymous_1)
DA:2,5
DA:4,5
DA:8,5
DA:14,5
DA:21,5
DA:68,5
LF:6
LH:6
BRF:0
BRH:0
end_of_record
TN:
SF:models\project.js
FN:6,(anonymous_0)
FN:13,(anonymous_1)
FNF:2
FNH:2
FNDA:5,(anonymous_0)
FNDA:5,(anonymous_1)
DA:4,5
DA:5,5
DA:6,5
DA:17,5
DA:31,5
LF:5
LH:5
BRF:0
BRH:0
end_of_record
TN:
SF:models\reviews.js
FN:4,(anonymous_0)
FN:11,(anonymous_1)
FNF:2
FNH:2
FNDA:5,(anonymous_0)
FNDA:5,(anonymous_1)
DA:2,5
DA:4,5
DA:16,5
DA:25,5
LF:4
LH:4
BRF:0
BRH:0
end_of_record
TN:
SF:models\subscription.js
FN:4,(anonymous_0)
FN:6,(anonymous_1)
FNF:2
FNH:2
FNDA:5,(anonymous_0)
FNDA:5,(anonymous_1)
DA:2,5
DA:4,5
DA:8,5
DA:15,5
DA:58,5
LF:5
LH:5
BRF:0
BRH:0
end_of_record
TN:
SF:models\user.js
FN:3,(anonymous_0)
FN:27,(anonymous_1)
FNF:2
FNH:2
FNDA:5,(anonymous_0)
FNDA:5,(anonymous_1)
DA:1,5
DA:3,5
DA:4,5
DA:27,5
DA:28,5
DA:34,5
LF:6
LH:6
BRF:0
BRH:0
end_of_record
TN:
SF:models\userproject.js
FN:2,(anonymous_0)
FN:15,(anonymous_1)
FNF:2
FNH:2
FNDA:5,(anonymous_0)
FNDA:5,(anonymous_1)
DA:2,5
DA:3,5
DA:15,5
DA:17,5
DA:18,5
DA:21,5
LF:6
LH:6
BRF:0
BRH:0
end_of_record
TN:
SF:models\userprojectban.js
FN:2,(anonymous_0)
FN:18,(anonymous_1)
FNF:2
FNH:2
FNDA:10,(anonymous_0)
FNDA:5,(anonymous_1)
DA:2,5
DA:3,10
DA:18,10
DA:20,5
DA:21,5
DA:24,10
LF:6
LH:6
BRF:0
BRH:0
end_of_record
